{
"contracts/Lock.sol":{"l":{"14":0,"19":0,"20":0,"27":0,"28":0,"30":0,"32":0},"path":"/Users/sophia/Downloads/Web3kinz-main/contracts/Lock.sol","s":{"1":0,"2":0,"3":0,"4":0,"5":0},"b":{"1":[0,0],"2":[0,0],"3":[0,0]},"f":{"1":0,"2":0},"fnMap":{"1":{"name":"constructor","line":13,"loc":{"start":{"line":13,"column":4},"end":{"line":21,"column":4}}},"2":{"name":"withdraw","line":23,"loc":{"start":{"line":23,"column":4},"end":{"line":33,"column":4}}}},"statementMap":{"1":{"start":{"line":14,"column":8},"end":{"line":14,"column":328}},"2":{"start":{"line":27,"column":8},"end":{"line":27,"column":71}},"3":{"start":{"line":28,"column":8},"end":{"line":28,"column":59}},"4":{"start":{"line":30,"column":8},"end":{"line":30,"column":63}},"5":{"start":{"line":32,"column":8},"end":{"line":32,"column":44}}},"branchMap":{"1":{"line":14,"type":"if","locations":[{"start":{"line":14,"column":8},"end":{"line":14,"column":8}},{"start":{"line":14,"column":8},"end":{"line":14,"column":8}}]},"2":{"line":27,"type":"if","locations":[{"start":{"line":27,"column":8},"end":{"line":27,"column":8}},{"start":{"line":27,"column":8},"end":{"line":27,"column":8}}]},"3":{"line":28,"type":"if","locations":[{"start":{"line":28,"column":8},"end":{"line":28,"column":8}},{"start":{"line":28,"column":8},"end":{"line":28,"column":8}}]}}},
"contracts/Web3Kinz.sol":{"l":{"141":0,"142":0,"147":0,"148":0,"153":15,"154":15,"160":0,"161":0,"166":30,"167":26,"173":64,"178":64,"179":64,"180":64,"183":64,"184":64,"185":64,"186":64,"187":64,"188":64,"189":64,"190":64,"191":64,"192":64,"193":64,"194":64,"195":64,"196":64,"197":64,"198":64,"199":64,"200":64,"201":64,"202":64,"203":64,"204":64,"205":64,"206":64,"207":64,"208":64,"209":64,"210":64,"211":64,"212":64,"223":38,"226":37,"229":37,"234":37,"235":34,"236":34,"238":37,"239":37,"242":37,"245":37,"251":24,"252":24,"258":1,"261":1,"272":5,"274":4,"275":3,"277":3,"284":15,"285":15,"286":14,"287":12,"289":12,"296":4,"297":3,"300":2,"303":2,"312":5,"313":5,"314":4,"317":5,"318":2,"319":2,"320":1,"323":3,"324":0,"326":3,"330":5,"333":5,"334":5,"335":5,"340":3,"343":3,"345":3,"350":3,"352":3,"353":0,"356":3,"357":0,"360":3,"361":3,"364":3,"368":1,"373":5,"374":4,"376":4,"381":2,"382":1,"384":1,"386":1,"387":0,"389":1,"390":1,"392":0,"395":1,"402":2,"405":1,"409":1,"410":0,"412":1,"419":1,"422":0,"425":0,"426":0,"427":0,"428":0,"431":0,"432":0,"435":0,"440":10,"441":0,"452":4,"454":4,"456":3,"459":3,"460":3,"464":3,"466":0,"467":0,"470":0,"473":0,"478":0,"479":0,"482":0,"485":0,"495":3,"498":3,"503":0,"505":0,"510":0,"515":0,"520":0,"525":0,"526":0,"529":0,"532":0,"536":3,"537":3,"539":0,"542":3,"543":3,"545":0,"549":3,"550":0,"552":3,"561":63,"563":50,"566":13,"568":12,"571":1,"579":8,"581":3,"582":3,"585":8,"587":7,"588":7,"589":7,"590":7,"591":7,"592":7,"593":7,"595":7,"599":21,"600":21,"601":21,"603":21,"604":21,"605":21,"607":21,"608":21,"609":21,"612":21,"614":21,"616":21,"617":2,"618":2,"621":21,"622":5,"623":5,"626":21,"628":21,"630":5,"632":4,"636":1,"639":0,"645":1,"647":1,"651":0,"655":0,"660":15,"662":1,"666":21,"668":7,"671":21,"673":7,"674":7,"675":7,"677":0,"680":7,"681":7,"683":0,"687":7,"688":1,"689":1,"691":0,"694":6,"695":0,"697":6,"700":7,"709":3,"712":2,"715":2,"717":3,"722":3,"725":3,"726":2,"729":2,"734":2,"736":2,"739":2,"740":0,"741":0,"743":0,"744":0,"746":0,"747":0,"749":0,"750":0,"752":0,"753":0,"755":0,"756":0,"760":0,"761":0,"763":0,"764":0,"766":0,"767":0,"769":0,"770":0,"772":0,"773":0,"775":0,"776":0,"780":0,"781":0,"783":0,"784":0,"786":0,"787":0,"789":1,"790":1,"792":0,"793":0,"795":1,"796":1,"800":0,"801":0,"803":0,"804":0,"806":0,"807":0,"809":0,"810":0,"812":0,"813":0,"815":0,"816":0,"821":0,"822":0,"824":0,"825":0,"827":0,"828":0,"830":0,"831":0,"833":0,"834":0,"836":0,"837":0,"840":2,"844":2,"845":0,"847":2,"850":2,"856":2,"857":2,"859":0,"862":2,"863":2,"865":0,"869":2,"870":2,"872":0,"876":2,"882":3,"883":3,"886":2,"887":2,"893":2,"894":2,"895":1,"898":0,"899":0,"900":0,"901":0,"902":0,"906":0,"907":0,"909":0,"911":0,"912":0,"914":0,"915":0,"921":5,"922":5,"923":5,"924":5,"927":0,"928":0,"933":2,"936":0,"937":0,"941":0,"958":5,"959":4,"962":4,"965":3,"976":3,"982":2,"983":2,"984":2,"987":1,"991":1,"992":1},"path":"/Users/sophia/Downloads/Web3kinz-main/contracts/Web3Kinz.sol","s":{"1":0,"2":0,"3":15,"4":0,"5":30,"6":38,"7":37,"8":37,"9":37,"10":34,"11":37,"12":37,"13":24,"14":1,"15":1,"16":5,"17":4,"18":3,"19":15,"20":15,"21":14,"22":12,"23":4,"24":3,"25":2,"26":5,"27":5,"28":5,"29":2,"30":3,"31":5,"32":5,"33":5,"34":3,"35":3,"36":3,"37":3,"38":3,"39":3,"40":3,"41":1,"42":5,"43":2,"44":1,"45":1,"46":1,"47":2,"48":1,"49":1,"50":1,"51":0,"52":0,"53":10,"54":4,"55":4,"56":3,"57":3,"58":0,"59":0,"60":0,"61":3,"62":0,"63":0,"64":0,"65":3,"66":3,"67":3,"68":0,"69":0,"70":0,"71":0,"72":0,"73":0,"74":3,"75":3,"76":3,"77":63,"78":50,"79":13,"80":12,"81":1,"82":8,"83":8,"84":7,"85":7,"86":7,"87":7,"88":7,"89":7,"90":7,"91":7,"92":21,"93":21,"94":21,"95":5,"96":1,"97":16,"98":1,"99":0,"100":15,"101":15,"102":21,"103":7,"104":7,"105":7,"106":1,"107":6,"108":3,"109":2,"110":3,"111":3,"112":2,"113":2,"114":2,"115":2,"116":2,"117":2,"118":2,"119":2,"120":2,"121":2,"122":2,"123":2,"124":2,"125":2,"126":2,"127":2,"128":2,"129":2,"130":2,"131":1,"132":1,"133":0,"134":0,"135":0,"136":0,"137":0,"138":0,"139":0,"140":0,"141":0,"142":0,"143":0,"144":0,"145":2,"146":2,"147":2,"148":2,"149":2,"150":2,"151":3,"152":3,"153":2,"154":2,"155":2,"156":2,"157":1,"158":0,"159":0,"160":0,"161":0,"162":0,"163":0,"164":0,"165":5,"166":5,"167":5,"168":5,"169":0,"170":0,"171":2,"172":0,"173":0,"174":5,"175":4,"176":4,"177":2,"178":2,"179":2,"180":1,"181":1},"b":{"1":[0,0],"2":[0,0],"3":[15,0],"4":[0,0],"5":[26,4],"6":[37,1],"7":[34,3],"8":[4,1],"9":[3,1],"10":[15,0],"11":[14,1],"12":[12,2],"13":[3,1],"14":[2,1],"15":[5,0],"16":[4,1],"17":[2,3],"18":[1,1],"19":[0,3],"20":[3,1],"21":[0,3],"22":[0,3],"23":[1,0],"24":[5,1],"25":[4,1],"26":[2,1],"27":[1,1],"28":[0,1],"29":[1,0],"30":[2,1],"31":[1,1],"32":[0,1],"33":[1,0],"34":[0,1],"35":[0,0],"36":[0,10],"37":[4,0],"38":[4,0],"39":[3,1],"40":[0,3],"41":[0,3],"42":[3,0],"43":[0,0],"44":[0,0],"45":[0,0],"46":[0,0],"47":[0,0],"48":[3,0],"49":[3,0],"50":[0,3],"51":[50,13],"52":[12,1],"53":[8,0],"54":[3,5],"55":[7,1],"56":[2,19],"57":[5,16],"58":[5,16],"59":[4,1],"60":[1,0],"61":[1,15],"62":[1,0],"63":[0,0],"64":[15,0],"65":[1,14],"66":[1,0],"67":[0,0],"68":[7,14],"69":[7,0],"70":[7,0],"71":[1,6],"72":[1,0],"73":[0,6],"74":[3,0],"75":[3,0],"76":[2,1],"77":[2,1],"78":[0,2],"79":[0,2],"80":[0,2],"81":[0,2],"82":[0,2],"83":[0,2],"84":[0,2],"85":[0,2],"86":[0,2],"87":[0,2],"88":[0,2],"89":[0,2],"90":[0,2],"91":[0,2],"92":[0,2],"93":[1,1],"94":[0,1],"95":[1,0],"96":[0,0],"97":[0,0],"98":[0,0],"99":[0,0],"100":[0,0],"101":[0,0],"102":[0,0],"103":[0,0],"104":[0,0],"105":[0,0],"106":[0,0],"107":[0,0],"108":[0,2],"109":[2,0],"110":[2,0],"111":[2,0],"112":[2,1],"113":[1,1],"114":[0,1],"115":[0,0],"116":[0,0],"117":[0,0],"118":[5,0],"119":[0,2],"120":[4,1],"121":[4,0],"122":[3,1],"123":[2,0],"124":[1,1]},"f":{"1":0,"2":0,"3":15,"4":0,"5":30,"6":64,"7":38,"8":24,"9":1,"10":5,"11":15,"12":4,"13":5,"14":3,"15":3,"16":1,"17":5,"18":2,"19":2,"20":1,"21":10,"22":4,"23":63,"24":8,"25":3,"26":3,"27":2,"28":5,"29":2,"30":5,"31":2},"fnMap":{"1":{"name":"onlyOwner","line":140,"loc":{"start":{"line":140,"column":4},"end":{"line":143,"column":4}}},"2":{"name":"isAwake","line":146,"loc":{"start":{"line":146,"column":4},"end":{"line":149,"column":4}}},"3":{"name":"notComatose","line":152,"loc":{"start":{"line":152,"column":4},"end":{"line":155,"column":4}}},"4":{"name":"hasPet","line":159,"loc":{"start":{"line":159,"column":4},"end":{"line":162,"column":4}}},"5":{"name":"isPetOwner","line":165,"loc":{"start":{"line":165,"column":4},"end":{"line":168,"column":4}}},"6":{"name":"constructor","line":172,"loc":{"start":{"line":172,"column":4},"end":{"line":213,"column":4}}},"7":{"name":"adoptPet","line":221,"loc":{"start":{"line":221,"column":4},"end":{"line":246,"column":4}}},"8":{"name":"buyKinzCash","line":249,"loc":{"start":{"line":249,"column":4},"end":{"line":253,"column":4}}},"9":{"name":"checkKinzcashBalance","line":256,"loc":{"start":{"line":256,"column":4},"end":{"line":262,"column":4}}},"10":{"name":"purchaseFurniture","line":270,"loc":{"start":{"line":270,"column":4},"end":{"line":278,"column":4}}},"11":{"name":"purchaseClothing","line":282,"loc":{"start":{"line":282,"column":4},"end":{"line":290,"column":4}}},"12":{"name":"purchaseFood","line":293,"loc":{"start":{"line":293,"column":4},"end":{"line":304,"column":4}}},"13":{"name":"checkSleepStats","line":311,"loc":{"start":{"line":311,"column":4},"end":{"line":336,"column":4}}},"14":{"name":"checkHunger","line":339,"loc":{"start":{"line":339,"column":4},"end":{"line":346,"column":4}}},"15":{"name":"updateHunger","line":349,"loc":{"start":{"line":349,"column":4},"end":{"line":365,"column":4}}},"16":{"name":"checkHappiness","line":367,"loc":{"start":{"line":367,"column":4},"end":{"line":369,"column":4}}},"17":{"name":"naptime","line":372,"loc":{"start":{"line":372,"column":4},"end":{"line":377,"column":4}}},"18":{"name":"wakeup","line":380,"loc":{"start":{"line":380,"column":4},"end":{"line":396,"column":4}}},"19":{"name":"feedPet","line":400,"loc":{"start":{"line":400,"column":4},"end":{"line":414,"column":4}}},"20":{"name":"takeToVet","line":417,"loc":{"start":{"line":417,"column":4},"end":{"line":436,"column":4}}},"21":{"name":"_checkHealth","line":439,"loc":{"start":{"line":439,"column":4},"end":{"line":443,"column":4}}},"22":{"name":"wheelOfWow","line":451,"loc":{"start":{"line":451,"column":4},"end":{"line":554,"column":4}}},"23":{"name":"findResult","line":559,"loc":{"start":{"line":559,"column":4},"end":{"line":572,"column":4}}},"24":{"name":"wishingWell","line":575,"loc":{"start":{"line":575,"column":3},"end":{"line":701,"column":4}}},"25":{"name":"gemHunt","line":707,"loc":{"start":{"line":707,"column":4},"end":{"line":877,"column":4}}},"26":{"name":"checkGemAmount","line":880,"loc":{"start":{"line":880,"column":4},"end":{"line":888,"column":4}}},"27":{"name":"sellGem","line":891,"loc":{"start":{"line":891,"column":4},"end":{"line":917,"column":4}}},"28":{"name":"checkCrown","line":920,"loc":{"start":{"line":920,"column":4},"end":{"line":929,"column":4}}},"29":{"name":"redeemCrown","line":932,"loc":{"start":{"line":932,"column":4},"end":{"line":942,"column":4}}},"30":{"name":"proposeTrade","line":950,"loc":{"start":{"line":950,"column":4},"end":{"line":977,"column":4}}},"31":{"name":"makeTrade","line":981,"loc":{"start":{"line":981,"column":4},"end":{"line":993,"column":4}}}},"statementMap":{"1":{"start":{"line":141,"column":8},"end":{"line":141,"column":35}},"2":{"start":{"line":147,"column":8},"end":{"line":147,"column":75}},"3":{"start":{"line":153,"column":8},"end":{"line":153,"column":88}},"4":{"start":{"line":160,"column":8},"end":{"line":160,"column":69}},"5":{"start":{"line":166,"column":8},"end":{"line":166,"column":47}},"6":{"start":{"line":223,"column":8},"end":{"line":223,"column":72}},"7":{"start":{"line":226,"column":8},"end":{"line":226,"column":51}},"8":{"start":{"line":229,"column":8},"end":{"line":229,"column":7333}},"9":{"start":{"line":234,"column":8},"end":{"line":234,"column":7625}},"10":{"start":{"line":235,"column":12},"end":{"line":235,"column":52}},"11":{"start":{"line":239,"column":8},"end":{"line":239,"column":19}},"12":{"start":{"line":245,"column":8},"end":{"line":245,"column":42}},"13":{"start":{"line":251,"column":8},"end":{"line":251,"column":41}},"14":{"start":{"line":258,"column":8},"end":{"line":258,"column":51}},"15":{"start":{"line":261,"column":8},"end":{"line":261,"column":49}},"16":{"start":{"line":272,"column":8},"end":{"line":272,"column":60}},"17":{"start":{"line":274,"column":8},"end":{"line":274,"column":85}},"18":{"start":{"line":277,"column":8},"end":{"line":277,"column":43}},"19":{"start":{"line":284,"column":8},"end":{"line":284,"column":59}},"20":{"start":{"line":285,"column":8},"end":{"line":285,"column":51}},"21":{"start":{"line":286,"column":8},"end":{"line":286,"column":83}},"22":{"start":{"line":289,"column":8},"end":{"line":289,"column":42}},"23":{"start":{"line":296,"column":8},"end":{"line":296,"column":77}},"24":{"start":{"line":297,"column":8},"end":{"line":297,"column":64}},"25":{"start":{"line":303,"column":8},"end":{"line":303,"column":36}},"26":{"start":{"line":312,"column":8},"end":{"line":312,"column":88}},"27":{"start":{"line":313,"column":8},"end":{"line":313,"column":10535}},"28":{"start":{"line":317,"column":8},"end":{"line":317,"column":10602}},"29":{"start":{"line":319,"column":12},"end":{"line":319,"column":10698}},"30":{"start":{"line":323,"column":12},"end":{"line":323,"column":10823}},"31":{"start":{"line":330,"column":8},"end":{"line":330,"column":26}},"32":{"start":{"line":334,"column":8},"end":{"line":334,"column":54}},"33":{"start":{"line":335,"column":8},"end":{"line":335,"column":37}},"34":{"start":{"line":340,"column":8},"end":{"line":340,"column":26}},"35":{"start":{"line":343,"column":8},"end":{"line":343,"column":51}},"36":{"start":{"line":345,"column":8},"end":{"line":345,"column":33}},"37":{"start":{"line":350,"column":8},"end":{"line":350,"column":91}},"38":{"start":{"line":352,"column":8},"end":{"line":352,"column":11767}},"39":{"start":{"line":356,"column":8},"end":{"line":356,"column":11834}},"40":{"start":{"line":364,"column":8},"end":{"line":364,"column":26}},"41":{"start":{"line":368,"column":8},"end":{"line":368,"column":57}},"42":{"start":{"line":373,"column":8},"end":{"line":373,"column":68}},"43":{"start":{"line":381,"column":8},"end":{"line":381,"column":64}},"44":{"start":{"line":384,"column":8},"end":{"line":384,"column":82}},"45":{"start":{"line":386,"column":8},"end":{"line":386,"column":12911}},"46":{"start":{"line":389,"column":8},"end":{"line":389,"column":12973}},"47":{"start":{"line":402,"column":8},"end":{"line":402,"column":82}},"48":{"start":{"line":405,"column":8},"end":{"line":405,"column":47}},"49":{"start":{"line":409,"column":8},"end":{"line":409,"column":13647}},"50":{"start":{"line":419,"column":8},"end":{"line":419,"column":78}},"51":{"start":{"line":422,"column":8},"end":{"line":422,"column":68}},"52":{"start":{"line":435,"column":8},"end":{"line":435,"column":27}},"53":{"start":{"line":440,"column":8},"end":{"line":440,"column":14663}},"54":{"start":{"line":452,"column":8},"end":{"line":452,"column":26}},"55":{"start":{"line":454,"column":8},"end":{"line":454,"column":110}},"56":{"start":{"line":459,"column":8},"end":{"line":459,"column":105}},"57":{"start":{"line":464,"column":8},"end":{"line":464,"column":15692}},"58":{"start":{"line":466,"column":12},"end":{"line":466,"column":132}},"59":{"start":{"line":470,"column":12},"end":{"line":470,"column":54}},"60":{"start":{"line":473,"column":12},"end":{"line":473,"column":53}},"61":{"start":{"line":476,"column":13},"end":{"line":476,"column":16142}},"62":{"start":{"line":478,"column":12},"end":{"line":478,"column":133}},"63":{"start":{"line":482,"column":12},"end":{"line":482,"column":56}},"64":{"start":{"line":485,"column":12},"end":{"line":485,"column":55}},"65":{"start":{"line":488,"column":13},"end":{"line":488,"column":16593}},"66":{"start":{"line":495,"column":12},"end":{"line":495,"column":36}},"67":{"start":{"line":498,"column":12},"end":{"line":498,"column":39}},"68":{"start":{"line":503,"column":12},"end":{"line":503,"column":17210}},"69":{"start":{"line":508,"column":17},"end":{"line":508,"column":17368}},"70":{"start":{"line":513,"column":17},"end":{"line":513,"column":17528}},"71":{"start":{"line":518,"column":17},"end":{"line":518,"column":17689}},"72":{"start":{"line":523,"column":17},"end":{"line":523,"column":17882}},"73":{"start":{"line":532,"column":12},"end":{"line":532,"column":51}},"74":{"start":{"line":536,"column":8},"end":{"line":536,"column":18407}},"75":{"start":{"line":542,"column":8},"end":{"line":542,"column":18546}},"76":{"start":{"line":549,"column":8},"end":{"line":549,"column":18741}},"77":{"start":{"line":561,"column":8},"end":{"line":561,"column":19138}},"78":{"start":{"line":563,"column":12},"end":{"line":563,"column":30}},"79":{"start":{"line":566,"column":8},"end":{"line":566,"column":19278}},"80":{"start":{"line":568,"column":12},"end":{"line":568,"column":42}},"81":{"start":{"line":571,"column":8},"end":{"line":571,"column":16}},"82":{"start":{"line":579,"column":8},"end":{"line":579,"column":19704}},"83":{"start":{"line":585,"column":8},"end":{"line":585,"column":93}},"84":{"start":{"line":587,"column":8},"end":{"line":587,"column":24}},"85":{"start":{"line":588,"column":8},"end":{"line":588,"column":18}},"86":{"start":{"line":589,"column":8},"end":{"line":589,"column":18}},"87":{"start":{"line":590,"column":8},"end":{"line":590,"column":18}},"88":{"start":{"line":591,"column":8},"end":{"line":591,"column":23}},"89":{"start":{"line":592,"column":8},"end":{"line":592,"column":24}},"90":{"start":{"line":593,"column":8},"end":{"line":593,"column":23}},"91":{"start":{"line":595,"column":8},"end":{"line":595,"column":20216}},"92":{"start":{"line":616,"column":16},"end":{"line":616,"column":21198}},"93":{"start":{"line":621,"column":16},"end":{"line":621,"column":21326}},"94":{"start":{"line":628,"column":16},"end":{"line":628,"column":21500}},"95":{"start":{"line":630,"column":20},"end":{"line":630,"column":21575}},"96":{"start":{"line":634,"column":27},"end":{"line":634,"column":21691}},"97":{"start":{"line":643,"column":23},"end":{"line":643,"column":21942}},"98":{"start":{"line":645,"column":21},"end":{"line":645,"column":22018}},"99":{"start":{"line":649,"column":27},"end":{"line":649,"column":22135}},"100":{"start":{"line":658,"column":23},"end":{"line":658,"column":22390}},"101":{"start":{"line":660,"column":20},"end":{"line":660,"column":22438}},"102":{"start":{"line":666,"column":16},"end":{"line":666,"column":22631}},"103":{"start":{"line":674,"column":11},"end":{"line":674,"column":22841}},"104":{"start":{"line":680,"column":8},"end":{"line":680,"column":22980}},"105":{"start":{"line":687,"column":8},"end":{"line":687,"column":23172}},"106":{"start":{"line":688,"column":8},"end":{"line":688,"column":23197}},"107":{"start":{"line":694,"column":15},"end":{"line":694,"column":23376}},"108":{"start":{"line":709,"column":8},"end":{"line":709,"column":115}},"109":{"start":{"line":715,"column":8},"end":{"line":715,"column":24134}},"110":{"start":{"line":717,"column":12},"end":{"line":717,"column":24217}},"111":{"start":{"line":725,"column":12},"end":{"line":725,"column":24432}},"112":{"start":{"line":726,"column":16},"end":{"line":726,"column":33}},"113":{"start":{"line":729,"column":16},"end":{"line":729,"column":24584}},"114":{"start":{"line":736,"column":16},"end":{"line":736,"column":52}},"115":{"start":{"line":739,"column":16},"end":{"line":739,"column":24902}},"116":{"start":{"line":742,"column":23},"end":{"line":742,"column":25035}},"117":{"start":{"line":745,"column":23},"end":{"line":745,"column":25166}},"118":{"start":{"line":748,"column":23},"end":{"line":748,"column":25300}},"119":{"start":{"line":751,"column":23},"end":{"line":751,"column":25432}},"120":{"start":{"line":754,"column":23},"end":{"line":754,"column":25565}},"121":{"start":{"line":759,"column":23},"end":{"line":759,"column":25726}},"122":{"start":{"line":762,"column":23},"end":{"line":762,"column":25859}},"123":{"start":{"line":765,"column":23},"end":{"line":765,"column":25990}},"124":{"start":{"line":768,"column":23},"end":{"line":768,"column":26125}},"125":{"start":{"line":771,"column":23},"end":{"line":771,"column":26255}},"126":{"start":{"line":774,"column":23},"end":{"line":774,"column":26390}},"127":{"start":{"line":779,"column":23},"end":{"line":779,"column":26551}},"128":{"start":{"line":782,"column":23},"end":{"line":782,"column":26685}},"129":{"start":{"line":785,"column":23},"end":{"line":785,"column":26817}},"130":{"start":{"line":788,"column":23},"end":{"line":788,"column":26953}},"131":{"start":{"line":791,"column":23},"end":{"line":791,"column":27084}},"132":{"start":{"line":794,"column":23},"end":{"line":794,"column":27214}},"133":{"start":{"line":799,"column":23},"end":{"line":799,"column":27379}},"134":{"start":{"line":802,"column":23},"end":{"line":802,"column":27514}},"135":{"start":{"line":805,"column":23},"end":{"line":805,"column":27649}},"136":{"start":{"line":808,"column":23},"end":{"line":808,"column":27779}},"137":{"start":{"line":811,"column":23},"end":{"line":811,"column":27914}},"138":{"start":{"line":814,"column":23},"end":{"line":814,"column":28047}},"139":{"start":{"line":820,"column":21},"end":{"line":820,"column":28224}},"140":{"start":{"line":823,"column":23},"end":{"line":823,"column":28357}},"141":{"start":{"line":826,"column":23},"end":{"line":826,"column":28488}},"142":{"start":{"line":829,"column":23},"end":{"line":829,"column":28624}},"143":{"start":{"line":832,"column":23},"end":{"line":832,"column":28762}},"144":{"start":{"line":835,"column":23},"end":{"line":835,"column":28893}},"145":{"start":{"line":840,"column":16},"end":{"line":840,"column":46}},"146":{"start":{"line":844,"column":16},"end":{"line":844,"column":29198}},"147":{"start":{"line":856,"column":8},"end":{"line":856,"column":29539}},"148":{"start":{"line":862,"column":8},"end":{"line":862,"column":29678}},"149":{"start":{"line":869,"column":8},"end":{"line":869,"column":29870}},"150":{"start":{"line":876,"column":8},"end":{"line":876,"column":26}},"151":{"start":{"line":882,"column":8},"end":{"line":882,"column":61}},"152":{"start":{"line":883,"column":8},"end":{"line":883,"column":57}},"153":{"start":{"line":886,"column":8},"end":{"line":886,"column":72}},"154":{"start":{"line":887,"column":8},"end":{"line":887,"column":42}},"155":{"start":{"line":893,"column":8},"end":{"line":893,"column":61}},"156":{"start":{"line":894,"column":8},"end":{"line":894,"column":57}},"157":{"start":{"line":895,"column":8},"end":{"line":895,"column":74}},"158":{"start":{"line":898,"column":8},"end":{"line":898,"column":80}},"159":{"start":{"line":899,"column":8},"end":{"line":899,"column":29}},"160":{"start":{"line":900,"column":8},"end":{"line":900,"column":30980}},"161":{"start":{"line":901,"column":12},"end":{"line":901,"column":31064}},"162":{"start":{"line":906,"column":8},"end":{"line":906,"column":31165}},"163":{"start":{"line":909,"column":12},"end":{"line":909,"column":23}},"164":{"start":{"line":910,"column":15},"end":{"line":910,"column":31420}},"165":{"start":{"line":921,"column":8},"end":{"line":921,"column":31824}},"166":{"start":{"line":922,"column":12},"end":{"line":922,"column":31868}},"167":{"start":{"line":923,"column":16},"end":{"line":923,"column":49}},"168":{"start":{"line":924,"column":16},"end":{"line":924,"column":28}},"169":{"start":{"line":927,"column":8},"end":{"line":927,"column":40}},"170":{"start":{"line":928,"column":8},"end":{"line":928,"column":19}},"171":{"start":{"line":933,"column":8},"end":{"line":933,"column":68}},"172":{"start":{"line":936,"column":8},"end":{"line":936,"column":32239}},"173":{"start":{"line":941,"column":8},"end":{"line":941,"column":39}},"174":{"start":{"line":958,"column":8},"end":{"line":958,"column":67}},"175":{"start":{"line":959,"column":8},"end":{"line":959,"column":60}},"176":{"start":{"line":962,"column":8},"end":{"line":962,"column":110}},"177":{"start":{"line":982,"column":8},"end":{"line":982,"column":50}},"178":{"start":{"line":983,"column":8},"end":{"line":983,"column":57}},"179":{"start":{"line":984,"column":8},"end":{"line":984,"column":82}},"180":{"start":{"line":991,"column":8},"end":{"line":991,"column":94}},"181":{"start":{"line":992,"column":8},"end":{"line":992,"column":94}}},"branchMap":{"1":{"line":141,"type":"if","locations":[{"start":{"line":141,"column":8},"end":{"line":141,"column":8}},{"start":{"line":141,"column":8},"end":{"line":141,"column":8}}]},"2":{"line":147,"type":"if","locations":[{"start":{"line":147,"column":8},"end":{"line":147,"column":8}},{"start":{"line":147,"column":8},"end":{"line":147,"column":8}}]},"3":{"line":153,"type":"if","locations":[{"start":{"line":153,"column":8},"end":{"line":153,"column":8}},{"start":{"line":153,"column":8},"end":{"line":153,"column":8}}]},"4":{"line":160,"type":"if","locations":[{"start":{"line":160,"column":8},"end":{"line":160,"column":8}},{"start":{"line":160,"column":8},"end":{"line":160,"column":8}}]},"5":{"line":166,"type":"if","locations":[{"start":{"line":166,"column":8},"end":{"line":166,"column":8}},{"start":{"line":166,"column":8},"end":{"line":166,"column":8}}]},"6":{"line":223,"type":"if","locations":[{"start":{"line":223,"column":8},"end":{"line":223,"column":8}},{"start":{"line":223,"column":8},"end":{"line":223,"column":8}}]},"7":{"line":234,"type":"if","locations":[{"start":{"line":234,"column":8},"end":{"line":234,"column":8}},{"start":{"line":234,"column":8},"end":{"line":234,"column":8}}]},"8":{"line":272,"type":"if","locations":[{"start":{"line":272,"column":8},"end":{"line":272,"column":8}},{"start":{"line":272,"column":8},"end":{"line":272,"column":8}}]},"9":{"line":274,"type":"if","locations":[{"start":{"line":274,"column":8},"end":{"line":274,"column":8}},{"start":{"line":274,"column":8},"end":{"line":274,"column":8}}]},"10":{"line":284,"type":"if","locations":[{"start":{"line":284,"column":8},"end":{"line":284,"column":8}},{"start":{"line":284,"column":8},"end":{"line":284,"column":8}}]},"11":{"line":285,"type":"if","locations":[{"start":{"line":285,"column":8},"end":{"line":285,"column":8}},{"start":{"line":285,"column":8},"end":{"line":285,"column":8}}]},"12":{"line":286,"type":"if","locations":[{"start":{"line":286,"column":8},"end":{"line":286,"column":8}},{"start":{"line":286,"column":8},"end":{"line":286,"column":8}}]},"13":{"line":296,"type":"if","locations":[{"start":{"line":296,"column":8},"end":{"line":296,"column":8}},{"start":{"line":296,"column":8},"end":{"line":296,"column":8}}]},"14":{"line":297,"type":"if","locations":[{"start":{"line":297,"column":8},"end":{"line":297,"column":8}},{"start":{"line":297,"column":8},"end":{"line":297,"column":8}}]},"15":{"line":311,"type":"if","locations":[{"start":{"line":311,"column":44},"end":{"line":311,"column":44}},{"start":{"line":311,"column":44},"end":{"line":311,"column":44}}]},"16":{"line":313,"type":"if","locations":[{"start":{"line":313,"column":8},"end":{"line":313,"column":8}},{"start":{"line":313,"column":8},"end":{"line":313,"column":8}}]},"17":{"line":317,"type":"if","locations":[{"start":{"line":317,"column":8},"end":{"line":317,"column":8}},{"start":{"line":317,"column":8},"end":{"line":317,"column":8}}]},"18":{"line":319,"type":"if","locations":[{"start":{"line":319,"column":12},"end":{"line":319,"column":12}},{"start":{"line":319,"column":12},"end":{"line":319,"column":12}}]},"19":{"line":323,"type":"if","locations":[{"start":{"line":323,"column":12},"end":{"line":323,"column":12}},{"start":{"line":323,"column":12},"end":{"line":323,"column":12}}]},"20":{"line":339,"type":"if","locations":[{"start":{"line":339,"column":40},"end":{"line":339,"column":40}},{"start":{"line":339,"column":40},"end":{"line":339,"column":40}}]},"21":{"line":352,"type":"if","locations":[{"start":{"line":352,"column":8},"end":{"line":352,"column":8}},{"start":{"line":352,"column":8},"end":{"line":352,"column":8}}]},"22":{"line":356,"type":"if","locations":[{"start":{"line":356,"column":8},"end":{"line":356,"column":8}},{"start":{"line":356,"column":8},"end":{"line":356,"column":8}}]},"23":{"line":367,"type":"if","locations":[{"start":{"line":367,"column":43},"end":{"line":367,"column":43}},{"start":{"line":367,"column":43},"end":{"line":367,"column":43}}]},"24":{"line":372,"type":"if","locations":[{"start":{"line":372,"column":36},"end":{"line":372,"column":36}},{"start":{"line":372,"column":36},"end":{"line":372,"column":36}}]},"25":{"line":373,"type":"if","locations":[{"start":{"line":373,"column":8},"end":{"line":373,"column":8}},{"start":{"line":373,"column":8},"end":{"line":373,"column":8}}]},"26":{"line":380,"type":"if","locations":[{"start":{"line":380,"column":35},"end":{"line":380,"column":35}},{"start":{"line":380,"column":35},"end":{"line":380,"column":35}}]},"27":{"line":381,"type":"if","locations":[{"start":{"line":381,"column":8},"end":{"line":381,"column":8}},{"start":{"line":381,"column":8},"end":{"line":381,"column":8}}]},"28":{"line":386,"type":"if","locations":[{"start":{"line":386,"column":8},"end":{"line":386,"column":8}},{"start":{"line":386,"column":8},"end":{"line":386,"column":8}}]},"29":{"line":389,"type":"if","locations":[{"start":{"line":389,"column":8},"end":{"line":389,"column":8}},{"start":{"line":389,"column":8},"end":{"line":389,"column":8}}]},"30":{"line":400,"type":"if","locations":[{"start":{"line":400,"column":52},"end":{"line":400,"column":52}},{"start":{"line":400,"column":52},"end":{"line":400,"column":52}}]},"31":{"line":402,"type":"if","locations":[{"start":{"line":402,"column":8},"end":{"line":402,"column":8}},{"start":{"line":402,"column":8},"end":{"line":402,"column":8}}]},"32":{"line":409,"type":"if","locations":[{"start":{"line":409,"column":8},"end":{"line":409,"column":8}},{"start":{"line":409,"column":8},"end":{"line":409,"column":8}}]},"33":{"line":417,"type":"if","locations":[{"start":{"line":417,"column":53},"end":{"line":417,"column":53}},{"start":{"line":417,"column":53},"end":{"line":417,"column":53}}]},"34":{"line":419,"type":"if","locations":[{"start":{"line":419,"column":8},"end":{"line":419,"column":8}},{"start":{"line":419,"column":8},"end":{"line":419,"column":8}}]},"35":{"line":422,"type":"if","locations":[{"start":{"line":422,"column":8},"end":{"line":422,"column":8}},{"start":{"line":422,"column":8},"end":{"line":422,"column":8}}]},"36":{"line":440,"type":"if","locations":[{"start":{"line":440,"column":8},"end":{"line":440,"column":8}},{"start":{"line":440,"column":8},"end":{"line":440,"column":8}}]},"37":{"line":451,"type":"if","locations":[{"start":{"line":451,"column":45},"end":{"line":451,"column":45}},{"start":{"line":451,"column":45},"end":{"line":451,"column":45}}]},"38":{"line":451,"type":"if","locations":[{"start":{"line":451,"column":63},"end":{"line":451,"column":63}},{"start":{"line":451,"column":63},"end":{"line":451,"column":63}}]},"39":{"line":454,"type":"if","locations":[{"start":{"line":454,"column":8},"end":{"line":454,"column":8}},{"start":{"line":454,"column":8},"end":{"line":454,"column":8}}]},"40":{"line":464,"type":"if","locations":[{"start":{"line":464,"column":8},"end":{"line":464,"column":8}},{"start":{"line":464,"column":8},"end":{"line":464,"column":8}}]},"41":{"line":476,"type":"if","locations":[{"start":{"line":476,"column":13},"end":{"line":476,"column":13}},{"start":{"line":476,"column":13},"end":{"line":476,"column":13}}]},"42":{"line":488,"type":"if","locations":[{"start":{"line":488,"column":13},"end":{"line":488,"column":13}},{"start":{"line":488,"column":13},"end":{"line":488,"column":13}}]},"43":{"line":503,"type":"if","locations":[{"start":{"line":503,"column":12},"end":{"line":503,"column":12}},{"start":{"line":503,"column":12},"end":{"line":503,"column":12}}]},"44":{"line":508,"type":"if","locations":[{"start":{"line":508,"column":17},"end":{"line":508,"column":17}},{"start":{"line":508,"column":17},"end":{"line":508,"column":17}}]},"45":{"line":513,"type":"if","locations":[{"start":{"line":513,"column":17},"end":{"line":513,"column":17}},{"start":{"line":513,"column":17},"end":{"line":513,"column":17}}]},"46":{"line":518,"type":"if","locations":[{"start":{"line":518,"column":17},"end":{"line":518,"column":17}},{"start":{"line":518,"column":17},"end":{"line":518,"column":17}}]},"47":{"line":523,"type":"if","locations":[{"start":{"line":523,"column":17},"end":{"line":523,"column":17}},{"start":{"line":523,"column":17},"end":{"line":523,"column":17}}]},"48":{"line":536,"type":"if","locations":[{"start":{"line":536,"column":8},"end":{"line":536,"column":8}},{"start":{"line":536,"column":8},"end":{"line":536,"column":8}}]},"49":{"line":542,"type":"if","locations":[{"start":{"line":542,"column":8},"end":{"line":542,"column":8}},{"start":{"line":542,"column":8},"end":{"line":542,"column":8}}]},"50":{"line":549,"type":"if","locations":[{"start":{"line":549,"column":8},"end":{"line":549,"column":8}},{"start":{"line":549,"column":8},"end":{"line":549,"column":8}}]},"51":{"line":561,"type":"if","locations":[{"start":{"line":561,"column":8},"end":{"line":561,"column":8}},{"start":{"line":561,"column":8},"end":{"line":561,"column":8}}]},"52":{"line":566,"type":"if","locations":[{"start":{"line":566,"column":8},"end":{"line":566,"column":8}},{"start":{"line":566,"column":8},"end":{"line":566,"column":8}}]},"53":{"line":575,"type":"if","locations":[{"start":{"line":575,"column":45},"end":{"line":575,"column":45}},{"start":{"line":575,"column":45},"end":{"line":575,"column":45}}]},"54":{"line":579,"type":"if","locations":[{"start":{"line":579,"column":8},"end":{"line":579,"column":8}},{"start":{"line":579,"column":8},"end":{"line":579,"column":8}}]},"55":{"line":585,"type":"if","locations":[{"start":{"line":585,"column":8},"end":{"line":585,"column":8}},{"start":{"line":585,"column":8},"end":{"line":585,"column":8}}]},"56":{"line":616,"type":"if","locations":[{"start":{"line":616,"column":16},"end":{"line":616,"column":16}},{"start":{"line":616,"column":16},"end":{"line":616,"column":16}}]},"57":{"line":621,"type":"if","locations":[{"start":{"line":621,"column":16},"end":{"line":621,"column":16}},{"start":{"line":621,"column":16},"end":{"line":621,"column":16}}]},"58":{"line":628,"type":"if","locations":[{"start":{"line":628,"column":16},"end":{"line":628,"column":16}},{"start":{"line":628,"column":16},"end":{"line":628,"column":16}}]},"59":{"line":630,"type":"if","locations":[{"start":{"line":630,"column":20},"end":{"line":630,"column":20}},{"start":{"line":630,"column":20},"end":{"line":630,"column":20}}]},"60":{"line":634,"type":"if","locations":[{"start":{"line":634,"column":27},"end":{"line":634,"column":27}},{"start":{"line":634,"column":27},"end":{"line":634,"column":27}}]},"61":{"line":643,"type":"if","locations":[{"start":{"line":643,"column":23},"end":{"line":643,"column":23}},{"start":{"line":643,"column":23},"end":{"line":643,"column":23}}]},"62":{"line":645,"type":"if","locations":[{"start":{"line":645,"column":21},"end":{"line":645,"column":21}},{"start":{"line":645,"column":21},"end":{"line":645,"column":21}}]},"63":{"line":649,"type":"if","locations":[{"start":{"line":649,"column":27},"end":{"line":649,"column":27}},{"start":{"line":649,"column":27},"end":{"line":649,"column":27}}]},"64":{"line":658,"type":"if","locations":[{"start":{"line":658,"column":23},"end":{"line":658,"column":23}},{"start":{"line":658,"column":23},"end":{"line":658,"column":23}}]},"65":{"line":660,"type":"if","locations":[{"start":{"line":660,"column":20},"end":{"line":660,"column":20}},{"start":{"line":660,"column":20},"end":{"line":660,"column":20}}]},"66":{"line":660,"type":"cond-expr","locations":[{"start":{"line":660,"column":24},"end":{"line":660,"column":32}},{"start":{"line":660,"column":37},"end":{"line":660,"column":45}}]},"67":{"line":660,"type":"cond-expr","locations":[{"start":{"line":660,"column":24},"end":{"line":660,"column":45}},{"start":{"line":660,"column":50},"end":{"line":660,"column":58}}]},"68":{"line":666,"type":"if","locations":[{"start":{"line":666,"column":16},"end":{"line":666,"column":16}},{"start":{"line":666,"column":16},"end":{"line":666,"column":16}}]},"69":{"line":674,"type":"if","locations":[{"start":{"line":674,"column":11},"end":{"line":674,"column":11}},{"start":{"line":674,"column":11},"end":{"line":674,"column":11}}]},"70":{"line":680,"type":"if","locations":[{"start":{"line":680,"column":8},"end":{"line":680,"column":8}},{"start":{"line":680,"column":8},"end":{"line":680,"column":8}}]},"71":{"line":687,"type":"if","locations":[{"start":{"line":687,"column":8},"end":{"line":687,"column":8}},{"start":{"line":687,"column":8},"end":{"line":687,"column":8}}]},"72":{"line":688,"type":"if","locations":[{"start":{"line":688,"column":8},"end":{"line":688,"column":8}},{"start":{"line":688,"column":8},"end":{"line":688,"column":8}}]},"73":{"line":694,"type":"if","locations":[{"start":{"line":694,"column":15},"end":{"line":694,"column":15}},{"start":{"line":694,"column":15},"end":{"line":694,"column":15}}]},"74":{"line":707,"type":"if","locations":[{"start":{"line":707,"column":43},"end":{"line":707,"column":43}},{"start":{"line":707,"column":43},"end":{"line":707,"column":43}}]},"75":{"line":707,"type":"if","locations":[{"start":{"line":707,"column":61},"end":{"line":707,"column":61}},{"start":{"line":707,"column":61},"end":{"line":707,"column":61}}]},"76":{"line":709,"type":"if","locations":[{"start":{"line":709,"column":8},"end":{"line":709,"column":8}},{"start":{"line":709,"column":8},"end":{"line":709,"column":8}}]},"77":{"line":725,"type":"if","locations":[{"start":{"line":725,"column":12},"end":{"line":725,"column":12}},{"start":{"line":725,"column":12},"end":{"line":725,"column":12}}]},"78":{"line":739,"type":"if","locations":[{"start":{"line":739,"column":16},"end":{"line":739,"column":16}},{"start":{"line":739,"column":16},"end":{"line":739,"column":16}}]},"79":{"line":742,"type":"if","locations":[{"start":{"line":742,"column":23},"end":{"line":742,"column":23}},{"start":{"line":742,"column":23},"end":{"line":742,"column":23}}]},"80":{"line":745,"type":"if","locations":[{"start":{"line":745,"column":23},"end":{"line":745,"column":23}},{"start":{"line":745,"column":23},"end":{"line":745,"column":23}}]},"81":{"line":748,"type":"if","locations":[{"start":{"line":748,"column":23},"end":{"line":748,"column":23}},{"start":{"line":748,"column":23},"end":{"line":748,"column":23}}]},"82":{"line":751,"type":"if","locations":[{"start":{"line":751,"column":23},"end":{"line":751,"column":23}},{"start":{"line":751,"column":23},"end":{"line":751,"column":23}}]},"83":{"line":754,"type":"if","locations":[{"start":{"line":754,"column":23},"end":{"line":754,"column":23}},{"start":{"line":754,"column":23},"end":{"line":754,"column":23}}]},"84":{"line":759,"type":"if","locations":[{"start":{"line":759,"column":23},"end":{"line":759,"column":23}},{"start":{"line":759,"column":23},"end":{"line":759,"column":23}}]},"85":{"line":762,"type":"if","locations":[{"start":{"line":762,"column":23},"end":{"line":762,"column":23}},{"start":{"line":762,"column":23},"end":{"line":762,"column":23}}]},"86":{"line":765,"type":"if","locations":[{"start":{"line":765,"column":23},"end":{"line":765,"column":23}},{"start":{"line":765,"column":23},"end":{"line":765,"column":23}}]},"87":{"line":768,"type":"if","locations":[{"start":{"line":768,"column":23},"end":{"line":768,"column":23}},{"start":{"line":768,"column":23},"end":{"line":768,"column":23}}]},"88":{"line":771,"type":"if","locations":[{"start":{"line":771,"column":23},"end":{"line":771,"column":23}},{"start":{"line":771,"column":23},"end":{"line":771,"column":23}}]},"89":{"line":774,"type":"if","locations":[{"start":{"line":774,"column":23},"end":{"line":774,"column":23}},{"start":{"line":774,"column":23},"end":{"line":774,"column":23}}]},"90":{"line":779,"type":"if","locations":[{"start":{"line":779,"column":23},"end":{"line":779,"column":23}},{"start":{"line":779,"column":23},"end":{"line":779,"column":23}}]},"91":{"line":782,"type":"if","locations":[{"start":{"line":782,"column":23},"end":{"line":782,"column":23}},{"start":{"line":782,"column":23},"end":{"line":782,"column":23}}]},"92":{"line":785,"type":"if","locations":[{"start":{"line":785,"column":23},"end":{"line":785,"column":23}},{"start":{"line":785,"column":23},"end":{"line":785,"column":23}}]},"93":{"line":788,"type":"if","locations":[{"start":{"line":788,"column":23},"end":{"line":788,"column":23}},{"start":{"line":788,"column":23},"end":{"line":788,"column":23}}]},"94":{"line":791,"type":"if","locations":[{"start":{"line":791,"column":23},"end":{"line":791,"column":23}},{"start":{"line":791,"column":23},"end":{"line":791,"column":23}}]},"95":{"line":794,"type":"if","locations":[{"start":{"line":794,"column":23},"end":{"line":794,"column":23}},{"start":{"line":794,"column":23},"end":{"line":794,"column":23}}]},"96":{"line":799,"type":"if","locations":[{"start":{"line":799,"column":23},"end":{"line":799,"column":23}},{"start":{"line":799,"column":23},"end":{"line":799,"column":23}}]},"97":{"line":802,"type":"if","locations":[{"start":{"line":802,"column":23},"end":{"line":802,"column":23}},{"start":{"line":802,"column":23},"end":{"line":802,"column":23}}]},"98":{"line":805,"type":"if","locations":[{"start":{"line":805,"column":23},"end":{"line":805,"column":23}},{"start":{"line":805,"column":23},"end":{"line":805,"column":23}}]},"99":{"line":808,"type":"if","locations":[{"start":{"line":808,"column":23},"end":{"line":808,"column":23}},{"start":{"line":808,"column":23},"end":{"line":808,"column":23}}]},"100":{"line":811,"type":"if","locations":[{"start":{"line":811,"column":23},"end":{"line":811,"column":23}},{"start":{"line":811,"column":23},"end":{"line":811,"column":23}}]},"101":{"line":814,"type":"if","locations":[{"start":{"line":814,"column":23},"end":{"line":814,"column":23}},{"start":{"line":814,"column":23},"end":{"line":814,"column":23}}]},"102":{"line":820,"type":"if","locations":[{"start":{"line":820,"column":21},"end":{"line":820,"column":21}},{"start":{"line":820,"column":21},"end":{"line":820,"column":21}}]},"103":{"line":823,"type":"if","locations":[{"start":{"line":823,"column":23},"end":{"line":823,"column":23}},{"start":{"line":823,"column":23},"end":{"line":823,"column":23}}]},"104":{"line":826,"type":"if","locations":[{"start":{"line":826,"column":23},"end":{"line":826,"column":23}},{"start":{"line":826,"column":23},"end":{"line":826,"column":23}}]},"105":{"line":829,"type":"if","locations":[{"start":{"line":829,"column":23},"end":{"line":829,"column":23}},{"start":{"line":829,"column":23},"end":{"line":829,"column":23}}]},"106":{"line":832,"type":"if","locations":[{"start":{"line":832,"column":23},"end":{"line":832,"column":23}},{"start":{"line":832,"column":23},"end":{"line":832,"column":23}}]},"107":{"line":835,"type":"if","locations":[{"start":{"line":835,"column":23},"end":{"line":835,"column":23}},{"start":{"line":835,"column":23},"end":{"line":835,"column":23}}]},"108":{"line":844,"type":"if","locations":[{"start":{"line":844,"column":16},"end":{"line":844,"column":16}},{"start":{"line":844,"column":16},"end":{"line":844,"column":16}}]},"109":{"line":856,"type":"if","locations":[{"start":{"line":856,"column":8},"end":{"line":856,"column":8}},{"start":{"line":856,"column":8},"end":{"line":856,"column":8}}]},"110":{"line":862,"type":"if","locations":[{"start":{"line":862,"column":8},"end":{"line":862,"column":8}},{"start":{"line":862,"column":8},"end":{"line":862,"column":8}}]},"111":{"line":869,"type":"if","locations":[{"start":{"line":869,"column":8},"end":{"line":869,"column":8}},{"start":{"line":869,"column":8},"end":{"line":869,"column":8}}]},"112":{"line":883,"type":"if","locations":[{"start":{"line":883,"column":8},"end":{"line":883,"column":8}},{"start":{"line":883,"column":8},"end":{"line":883,"column":8}}]},"113":{"line":894,"type":"if","locations":[{"start":{"line":894,"column":8},"end":{"line":894,"column":8}},{"start":{"line":894,"column":8},"end":{"line":894,"column":8}}]},"114":{"line":895,"type":"if","locations":[{"start":{"line":895,"column":8},"end":{"line":895,"column":8}},{"start":{"line":895,"column":8},"end":{"line":895,"column":8}}]},"115":{"line":901,"type":"if","locations":[{"start":{"line":901,"column":12},"end":{"line":901,"column":12}},{"start":{"line":901,"column":12},"end":{"line":901,"column":12}}]},"116":{"line":906,"type":"if","locations":[{"start":{"line":906,"column":8},"end":{"line":906,"column":8}},{"start":{"line":906,"column":8},"end":{"line":906,"column":8}}]},"117":{"line":910,"type":"if","locations":[{"start":{"line":910,"column":15},"end":{"line":910,"column":15}},{"start":{"line":910,"column":15},"end":{"line":910,"column":15}}]},"118":{"line":922,"type":"if","locations":[{"start":{"line":922,"column":12},"end":{"line":922,"column":12}},{"start":{"line":922,"column":12},"end":{"line":922,"column":12}}]},"119":{"line":933,"type":"if","locations":[{"start":{"line":933,"column":8},"end":{"line":933,"column":8}},{"start":{"line":933,"column":8},"end":{"line":933,"column":8}}]},"120":{"line":958,"type":"if","locations":[{"start":{"line":958,"column":8},"end":{"line":958,"column":8}},{"start":{"line":958,"column":8},"end":{"line":958,"column":8}}]},"121":{"line":959,"type":"if","locations":[{"start":{"line":959,"column":8},"end":{"line":959,"column":8}},{"start":{"line":959,"column":8},"end":{"line":959,"column":8}}]},"122":{"line":962,"type":"if","locations":[{"start":{"line":962,"column":8},"end":{"line":962,"column":8}},{"start":{"line":962,"column":8},"end":{"line":962,"column":8}}]},"123":{"line":983,"type":"if","locations":[{"start":{"line":983,"column":8},"end":{"line":983,"column":8}},{"start":{"line":983,"column":8},"end":{"line":983,"column":8}}]},"124":{"line":984,"type":"if","locations":[{"start":{"line":984,"column":8},"end":{"line":984,"column":8}},{"start":{"line":984,"column":8},"end":{"line":984,"column":8}}]}}},
"contracts/Web3kinzClothing.sol":{"l":{"36":21,"37":21,"38":21,"40":21,"41":21,"52":8,"61":2},"path":"/Users/sophia/Downloads/Web3kinz-main/contracts/Web3kinzClothing.sol","s":{"1":21,"2":21,"3":21,"4":21,"5":8,"6":2},"b":{"1":[21,1]},"f":{"1":77,"2":21,"3":8,"4":2},"fnMap":{"1":{"name":"constructor","line":24,"loc":{"start":{"line":22,"column":4},"end":{"line":25,"column":5}}},"2":{"name":"safeMint","line":30,"loc":{"start":{"line":28,"column":4},"end":{"line":42,"column":4}}},"3":{"name":"tokenURI","line":46,"loc":{"start":{"line":46,"column":4},"end":{"line":53,"column":4}}},"4":{"name":"supportsInterface","line":55,"loc":{"start":{"line":55,"column":4},"end":{"line":62,"column":4}}}},"statementMap":{"1":{"start":{"line":37,"column":8},"end":{"line":37,"column":40}},"2":{"start":{"line":38,"column":8},"end":{"line":38,"column":29}},"3":{"start":{"line":40,"column":8},"end":{"line":40,"column":42}},"4":{"start":{"line":41,"column":8},"end":{"line":41,"column":22}},"5":{"start":{"line":52,"column":8},"end":{"line":52,"column":38}},"6":{"start":{"line":61,"column":8},"end":{"line":61,"column":51}}},"branchMap":{"1":{"line":30,"type":"if","locations":[{"start":{"line":30,"column":8},"end":{"line":30,"column":8}},{"start":{"line":30,"column":8},"end":{"line":30,"column":8}}]}}},
"contracts/Web3kinzFood.sol":{"l":{"22":25,"26":4},"path":"/Users/sophia/Downloads/Web3kinz-main/contracts/Web3kinzFood.sol","s":{"1":25,"2":4},"b":{"1":[25,1],"2":[4,1]},"f":{"1":81,"2":25,"3":4},"fnMap":{"1":{"name":"constructor","line":17,"loc":{"start":{"line":14,"column":4},"end":{"line":18,"column":5}}},"2":{"name":"mint","line":21,"loc":{"start":{"line":21,"column":4},"end":{"line":23,"column":4}}},"3":{"name":"burnFromAddress","line":25,"loc":{"start":{"line":25,"column":4},"end":{"line":27,"column":4}}}},"statementMap":{"1":{"start":{"line":22,"column":8},"end":{"line":22,"column":24}},"2":{"start":{"line":26,"column":8},"end":{"line":26,"column":29}}},"branchMap":{"1":{"line":21,"type":"if","locations":[{"start":{"line":21,"column":53},"end":{"line":21,"column":53}},{"start":{"line":21,"column":53},"end":{"line":21,"column":53}}]},"2":{"line":25,"type":"if","locations":[{"start":{"line":25,"column":69},"end":{"line":25,"column":69}},{"start":{"line":25,"column":69},"end":{"line":25,"column":69}}]}}},
"contracts/Web3KinzFurniture.sol":{"l":{"34":9,"35":9,"36":9,"37":7,"48":5,"57":2},"path":"/Users/sophia/Downloads/Web3kinz-main/contracts/Web3KinzFurniture.sol","s":{"1":9,"2":9,"3":9,"4":7,"5":5,"6":2},"b":{"1":[9,1]},"f":{"1":13,"2":9,"3":5,"4":2},"fnMap":{"1":{"name":"constructor","line":20,"loc":{"start":{"line":18,"column":4},"end":{"line":21,"column":5}}},"2":{"name":"safeMint","line":30,"loc":{"start":{"line":28,"column":4},"end":{"line":38,"column":4}}},"3":{"name":"tokenURI","line":42,"loc":{"start":{"line":42,"column":4},"end":{"line":49,"column":4}}},"4":{"name":"supportsInterface","line":51,"loc":{"start":{"line":51,"column":4},"end":{"line":58,"column":4}}}},"statementMap":{"1":{"start":{"line":34,"column":8},"end":{"line":34,"column":40}},"2":{"start":{"line":35,"column":8},"end":{"line":35,"column":29}},"3":{"start":{"line":36,"column":8},"end":{"line":36,"column":42}},"4":{"start":{"line":37,"column":8},"end":{"line":37,"column":22}},"5":{"start":{"line":48,"column":8},"end":{"line":48,"column":38}},"6":{"start":{"line":57,"column":8},"end":{"line":57,"column":51}}},"branchMap":{"1":{"line":30,"type":"if","locations":[{"start":{"line":30,"column":8},"end":{"line":30,"column":8}},{"start":{"line":30,"column":8},"end":{"line":30,"column":8}}]}}},
"contracts/Web3KinzPet.sol":{"l":{"22":42,"23":42,"24":42},"path":"/Users/sophia/Downloads/Web3kinz-main/contracts/Web3KinzPet.sol","s":{"1":42,"2":42,"3":42},"b":{"1":[42,1]},"f":{"1":73,"2":42},"fnMap":{"1":{"name":"constructor","line":17,"loc":{"start":{"line":15,"column":4},"end":{"line":18,"column":5}}},"2":{"name":"safeMint","line":21,"loc":{"start":{"line":21,"column":4},"end":{"line":25,"column":4}}}},"statementMap":{"1":{"start":{"line":22,"column":8},"end":{"line":22,"column":40}},"2":{"start":{"line":23,"column":8},"end":{"line":23,"column":29}},"3":{"start":{"line":24,"column":8},"end":{"line":24,"column":22}}},"branchMap":{"1":{"line":21,"type":"if","locations":[{"start":{"line":21,"column":41},"end":{"line":21,"column":41}},{"start":{"line":21,"column":41},"end":{"line":21,"column":41}}]}}}}
