{
"contracts/Lock.sol":{"l":{"14":0,"19":0,"20":0,"27":0,"28":0,"30":0,"32":0},"path":"/Users/sophia/Downloads/Web3kinz-main/contracts/Lock.sol","s":{"1":0,"2":0,"3":0,"4":0,"5":0},"b":{"1":[0,0],"2":[0,0],"3":[0,0]},"f":{"1":0,"2":0},"fnMap":{"1":{"name":"constructor","line":13,"loc":{"start":{"line":13,"column":4},"end":{"line":21,"column":4}}},"2":{"name":"withdraw","line":23,"loc":{"start":{"line":23,"column":4},"end":{"line":33,"column":4}}}},"statementMap":{"1":{"start":{"line":14,"column":8},"end":{"line":14,"column":328}},"2":{"start":{"line":27,"column":8},"end":{"line":27,"column":71}},"3":{"start":{"line":28,"column":8},"end":{"line":28,"column":59}},"4":{"start":{"line":30,"column":8},"end":{"line":30,"column":63}},"5":{"start":{"line":32,"column":8},"end":{"line":32,"column":44}}},"branchMap":{"1":{"line":14,"type":"if","locations":[{"start":{"line":14,"column":8},"end":{"line":14,"column":8}},{"start":{"line":14,"column":8},"end":{"line":14,"column":8}}]},"2":{"line":27,"type":"if","locations":[{"start":{"line":27,"column":8},"end":{"line":27,"column":8}},{"start":{"line":27,"column":8},"end":{"line":27,"column":8}}]},"3":{"line":28,"type":"if","locations":[{"start":{"line":28,"column":8},"end":{"line":28,"column":8}},{"start":{"line":28,"column":8},"end":{"line":28,"column":8}}]}}},
"contracts/Web3Kinz.sol":{"l":{"141":2,"142":2,"143":2,"149":2,"150":2,"155":0,"156":0,"161":15,"162":15,"168":0,"169":0,"174":34,"175":30,"181":64,"186":64,"187":64,"188":64,"191":64,"192":64,"193":64,"194":64,"195":64,"196":64,"197":64,"198":64,"199":64,"200":64,"201":64,"202":64,"203":64,"204":64,"205":64,"206":64,"207":64,"208":64,"209":64,"210":64,"211":64,"212":64,"213":64,"214":64,"215":64,"216":64,"217":64,"218":64,"219":64,"220":64,"231":38,"234":37,"237":37,"242":37,"243":34,"244":34,"246":37,"247":37,"250":37,"253":37,"259":24,"260":24,"266":1,"269":1,"280":5,"282":4,"283":3,"285":3,"292":15,"293":15,"294":14,"295":12,"297":12,"304":4,"305":3,"308":2,"311":2,"320":5,"321":5,"322":4,"325":5,"326":2,"327":2,"328":1,"331":3,"332":0,"334":3,"338":5,"341":5,"342":5,"343":5,"348":5,"351":5,"353":5,"358":5,"360":5,"361":0,"364":5,"365":0,"368":5,"369":5,"372":5,"376":1,"381":5,"382":4,"384":4,"389":2,"390":1,"392":1,"394":1,"395":0,"397":1,"398":1,"400":0,"403":1,"410":2,"413":1,"417":1,"418":0,"420":1,"427":3,"430":2,"433":1,"434":1,"435":1,"436":1,"439":1,"440":1,"443":1,"448":12,"449":2,"460":4,"462":4,"464":3,"467":3,"468":3,"472":3,"474":1,"475":1,"478":1,"481":1,"486":1,"487":1,"490":1,"493":0,"503":1,"506":1,"511":0,"513":0,"518":0,"523":0,"528":0,"533":0,"534":0,"537":0,"540":0,"544":2,"545":2,"547":0,"550":2,"551":2,"553":0,"557":2,"558":0,"560":2,"569":63,"571":50,"574":13,"576":12,"579":1,"587":8,"589":3,"590":3,"593":8,"595":7,"596":7,"597":7,"598":7,"599":7,"600":7,"601":7,"603":7,"607":21,"608":21,"609":21,"611":21,"612":21,"613":21,"615":21,"616":21,"617":21,"620":21,"622":21,"624":21,"625":3,"626":3,"629":21,"630":6,"631":6,"634":21,"636":21,"638":9,"640":8,"644":1,"647":0,"653":0,"655":0,"659":0,"663":0,"668":12,"670":1,"674":21,"676":7,"679":21,"681":7,"682":7,"683":7,"685":0,"688":7,"689":7,"691":0,"695":7,"696":1,"697":1,"699":0,"702":6,"703":0,"705":6,"708":7,"717":3,"720":2,"723":2,"725":4,"730":4,"733":4,"734":2,"737":2,"742":2,"744":2,"747":2,"748":0,"749":0,"751":0,"752":0,"754":0,"755":0,"757":0,"758":0,"760":0,"761":0,"763":0,"764":0,"768":0,"769":0,"771":0,"772":0,"774":0,"775":0,"777":0,"778":0,"780":0,"781":0,"783":0,"784":0,"788":0,"789":0,"791":0,"792":0,"794":0,"795":0,"797":0,"798":0,"800":0,"801":0,"803":0,"804":0,"808":0,"809":0,"811":0,"812":0,"814":1,"815":1,"817":0,"818":0,"820":0,"821":0,"823":0,"824":0,"829":0,"830":0,"832":0,"833":0,"835":0,"836":0,"838":1,"839":1,"841":0,"842":0,"844":0,"845":0,"848":2,"852":2,"853":0,"855":2,"858":2,"864":2,"865":2,"867":0,"870":2,"871":2,"873":0,"877":2,"878":2,"880":0,"884":2,"890":3,"891":3,"894":2,"895":2,"901":2,"902":2,"903":1,"906":0,"907":0,"908":0,"909":0,"910":0,"914":0,"915":0,"916":0,"918":0,"919":0,"921":0,"922":0,"928":5,"929":5,"930":5,"931":5,"934":0,"935":0,"940":2,"943":0,"944":0,"948":0,"965":5,"966":4,"969":4,"972":3,"983":3,"989":2,"990":2,"991":2,"994":1,"998":1,"999":1},"path":"/Users/sophia/Downloads/Web3kinz-main/contracts/Web3Kinz.sol","s":{"1":2,"2":0,"3":15,"4":0,"5":34,"6":38,"7":37,"8":37,"9":37,"10":34,"11":37,"12":37,"13":24,"14":1,"15":1,"16":5,"17":4,"18":3,"19":15,"20":15,"21":14,"22":12,"23":4,"24":3,"25":2,"26":5,"27":5,"28":5,"29":2,"30":3,"31":5,"32":5,"33":5,"34":5,"35":5,"36":5,"37":5,"38":5,"39":5,"40":5,"41":1,"42":5,"43":2,"44":1,"45":1,"46":1,"47":2,"48":1,"49":1,"50":3,"51":2,"52":1,"53":12,"54":4,"55":4,"56":3,"57":3,"58":1,"59":1,"60":1,"61":2,"62":1,"63":1,"64":0,"65":1,"66":1,"67":1,"68":0,"69":0,"70":0,"71":0,"72":0,"73":0,"74":2,"75":2,"76":2,"77":63,"78":50,"79":13,"80":12,"81":1,"82":8,"83":8,"84":7,"85":7,"86":7,"87":7,"88":7,"89":7,"90":7,"91":7,"92":21,"93":21,"94":21,"95":9,"96":1,"97":12,"98":0,"99":0,"100":12,"101":12,"102":21,"103":7,"104":7,"105":7,"106":1,"107":6,"108":3,"109":2,"110":4,"111":4,"112":2,"113":2,"114":2,"115":2,"116":2,"117":2,"118":2,"119":2,"120":2,"121":2,"122":2,"123":2,"124":2,"125":2,"126":2,"127":2,"128":2,"129":2,"130":2,"131":2,"132":2,"133":2,"134":2,"135":2,"136":1,"137":1,"138":1,"139":1,"140":1,"141":1,"142":1,"143":0,"144":0,"145":2,"146":2,"147":2,"148":2,"149":2,"150":2,"151":3,"152":3,"153":2,"154":2,"155":2,"156":2,"157":1,"158":0,"159":0,"160":0,"161":0,"162":0,"163":0,"164":5,"165":5,"166":5,"167":5,"168":0,"169":0,"170":2,"171":0,"172":0,"173":5,"174":4,"175":4,"176":2,"177":2,"178":2,"179":1,"180":1},"b":{"1":[2,0],"2":[0,0],"3":[15,0],"4":[0,0],"5":[30,4],"6":[37,1],"7":[34,3],"8":[4,1],"9":[3,1],"10":[15,0],"11":[14,1],"12":[12,2],"13":[3,1],"14":[2,1],"15":[5,0],"16":[4,1],"17":[2,3],"18":[1,1],"19":[0,3],"20":[5,1],"21":[0,5],"22":[0,5],"23":[1,0],"24":[5,1],"25":[4,1],"26":[2,1],"27":[1,1],"28":[0,1],"29":[1,0],"30":[2,1],"31":[1,1],"32":[0,1],"33":[3,0],"34":[2,1],"35":[1,1],"36":[2,10],"37":[4,0],"38":[4,0],"39":[3,1],"40":[1,2],"41":[1,1],"42":[1,0],"43":[0,0],"44":[0,0],"45":[0,0],"46":[0,0],"47":[0,0],"48":[2,0],"49":[2,0],"50":[0,2],"51":[50,13],"52":[12,1],"53":[8,0],"54":[3,5],"55":[7,1],"56":[3,18],"57":[6,15],"58":[9,12],"59":[8,1],"60":[1,0],"61":[0,12],"62":[0,0],"63":[0,0],"64":[12,0],"65":[1,11],"66":[0,1],"67":[1,0],"68":[7,14],"69":[7,0],"70":[7,0],"71":[1,6],"72":[1,0],"73":[0,6],"74":[3,0],"75":[3,0],"76":[2,1],"77":[2,2],"78":[0,2],"79":[0,2],"80":[0,2],"81":[0,2],"82":[0,2],"83":[0,2],"84":[0,2],"85":[0,2],"86":[0,2],"87":[0,2],"88":[0,2],"89":[0,2],"90":[0,2],"91":[0,2],"92":[0,2],"93":[0,2],"94":[0,2],"95":[0,2],"96":[0,2],"97":[0,2],"98":[1,1],"99":[0,1],"100":[0,1],"101":[0,1],"102":[0,1],"103":[0,1],"104":[0,1],"105":[1,0],"106":[0,0],"107":[0,0],"108":[0,2],"109":[2,0],"110":[2,0],"111":[2,0],"112":[2,1],"113":[1,1],"114":[0,1],"115":[0,0],"116":[0,0],"117":[0,0],"118":[5,0],"119":[0,2],"120":[4,1],"121":[4,0],"122":[3,1],"123":[2,0],"124":[1,1]},"f":{"1":2,"2":2,"3":0,"4":15,"5":0,"6":34,"7":64,"8":38,"9":24,"10":1,"11":5,"12":15,"13":4,"14":5,"15":5,"16":5,"17":1,"18":5,"19":2,"20":2,"21":3,"22":12,"23":4,"24":63,"25":8,"26":3,"27":3,"28":2,"29":5,"30":2,"31":5,"32":2},"fnMap":{"1":{"name":"_setStatsForTesting","line":140,"loc":{"start":{"line":140,"column":4},"end":{"line":144,"column":4}}},"2":{"name":"onlyOwner","line":147,"loc":{"start":{"line":147,"column":4},"end":{"line":151,"column":4}}},"3":{"name":"isAwake","line":154,"loc":{"start":{"line":154,"column":4},"end":{"line":157,"column":4}}},"4":{"name":"notComatose","line":160,"loc":{"start":{"line":160,"column":4},"end":{"line":163,"column":4}}},"5":{"name":"hasPet","line":167,"loc":{"start":{"line":167,"column":4},"end":{"line":170,"column":4}}},"6":{"name":"isPetOwner","line":173,"loc":{"start":{"line":173,"column":4},"end":{"line":176,"column":4}}},"7":{"name":"constructor","line":180,"loc":{"start":{"line":180,"column":4},"end":{"line":221,"column":4}}},"8":{"name":"adoptPet","line":229,"loc":{"start":{"line":229,"column":4},"end":{"line":254,"column":4}}},"9":{"name":"buyKinzCash","line":257,"loc":{"start":{"line":257,"column":4},"end":{"line":261,"column":4}}},"10":{"name":"checkKinzcashBalance","line":264,"loc":{"start":{"line":264,"column":4},"end":{"line":270,"column":4}}},"11":{"name":"purchaseFurniture","line":278,"loc":{"start":{"line":278,"column":4},"end":{"line":286,"column":4}}},"12":{"name":"purchaseClothing","line":290,"loc":{"start":{"line":290,"column":4},"end":{"line":298,"column":4}}},"13":{"name":"purchaseFood","line":301,"loc":{"start":{"line":301,"column":4},"end":{"line":312,"column":4}}},"14":{"name":"checkSleepStats","line":319,"loc":{"start":{"line":319,"column":4},"end":{"line":344,"column":4}}},"15":{"name":"checkHunger","line":347,"loc":{"start":{"line":347,"column":4},"end":{"line":354,"column":4}}},"16":{"name":"updateHunger","line":357,"loc":{"start":{"line":357,"column":4},"end":{"line":373,"column":4}}},"17":{"name":"checkHappiness","line":375,"loc":{"start":{"line":375,"column":4},"end":{"line":377,"column":4}}},"18":{"name":"naptime","line":380,"loc":{"start":{"line":380,"column":4},"end":{"line":385,"column":4}}},"19":{"name":"wakeup","line":388,"loc":{"start":{"line":388,"column":4},"end":{"line":404,"column":4}}},"20":{"name":"feedPet","line":408,"loc":{"start":{"line":408,"column":4},"end":{"line":422,"column":4}}},"21":{"name":"takeToVet","line":425,"loc":{"start":{"line":425,"column":4},"end":{"line":444,"column":4}}},"22":{"name":"_checkHealth","line":447,"loc":{"start":{"line":447,"column":4},"end":{"line":451,"column":4}}},"23":{"name":"wheelOfWow","line":459,"loc":{"start":{"line":459,"column":4},"end":{"line":562,"column":4}}},"24":{"name":"findResult","line":567,"loc":{"start":{"line":567,"column":4},"end":{"line":580,"column":4}}},"25":{"name":"wishingWell","line":583,"loc":{"start":{"line":583,"column":3},"end":{"line":709,"column":4}}},"26":{"name":"gemHunt","line":715,"loc":{"start":{"line":715,"column":4},"end":{"line":885,"column":4}}},"27":{"name":"checkGemAmount","line":888,"loc":{"start":{"line":888,"column":4},"end":{"line":896,"column":4}}},"28":{"name":"sellGem","line":899,"loc":{"start":{"line":899,"column":4},"end":{"line":924,"column":4}}},"29":{"name":"checkCrown","line":927,"loc":{"start":{"line":927,"column":4},"end":{"line":936,"column":4}}},"30":{"name":"redeemCrown","line":939,"loc":{"start":{"line":939,"column":4},"end":{"line":949,"column":4}}},"31":{"name":"proposeTrade","line":957,"loc":{"start":{"line":957,"column":4},"end":{"line":984,"column":4}}},"32":{"name":"makeTrade","line":988,"loc":{"start":{"line":988,"column":4},"end":{"line":1000,"column":4}}}},"statementMap":{"1":{"start":{"line":149,"column":8},"end":{"line":149,"column":19}},"2":{"start":{"line":155,"column":8},"end":{"line":155,"column":75}},"3":{"start":{"line":161,"column":8},"end":{"line":161,"column":88}},"4":{"start":{"line":168,"column":8},"end":{"line":168,"column":69}},"5":{"start":{"line":174,"column":8},"end":{"line":174,"column":47}},"6":{"start":{"line":231,"column":8},"end":{"line":231,"column":72}},"7":{"start":{"line":234,"column":8},"end":{"line":234,"column":51}},"8":{"start":{"line":237,"column":8},"end":{"line":237,"column":7802}},"9":{"start":{"line":242,"column":8},"end":{"line":242,"column":8094}},"10":{"start":{"line":243,"column":12},"end":{"line":243,"column":52}},"11":{"start":{"line":247,"column":8},"end":{"line":247,"column":19}},"12":{"start":{"line":253,"column":8},"end":{"line":253,"column":42}},"13":{"start":{"line":259,"column":8},"end":{"line":259,"column":41}},"14":{"start":{"line":266,"column":8},"end":{"line":266,"column":51}},"15":{"start":{"line":269,"column":8},"end":{"line":269,"column":49}},"16":{"start":{"line":280,"column":8},"end":{"line":280,"column":60}},"17":{"start":{"line":282,"column":8},"end":{"line":282,"column":85}},"18":{"start":{"line":285,"column":8},"end":{"line":285,"column":43}},"19":{"start":{"line":292,"column":8},"end":{"line":292,"column":59}},"20":{"start":{"line":293,"column":8},"end":{"line":293,"column":51}},"21":{"start":{"line":294,"column":8},"end":{"line":294,"column":83}},"22":{"start":{"line":297,"column":8},"end":{"line":297,"column":42}},"23":{"start":{"line":304,"column":8},"end":{"line":304,"column":77}},"24":{"start":{"line":305,"column":8},"end":{"line":305,"column":64}},"25":{"start":{"line":311,"column":8},"end":{"line":311,"column":36}},"26":{"start":{"line":320,"column":8},"end":{"line":320,"column":88}},"27":{"start":{"line":321,"column":8},"end":{"line":321,"column":11004}},"28":{"start":{"line":325,"column":8},"end":{"line":325,"column":11071}},"29":{"start":{"line":327,"column":12},"end":{"line":327,"column":11167}},"30":{"start":{"line":331,"column":12},"end":{"line":331,"column":11292}},"31":{"start":{"line":338,"column":8},"end":{"line":338,"column":26}},"32":{"start":{"line":342,"column":8},"end":{"line":342,"column":54}},"33":{"start":{"line":343,"column":8},"end":{"line":343,"column":37}},"34":{"start":{"line":348,"column":8},"end":{"line":348,"column":26}},"35":{"start":{"line":351,"column":8},"end":{"line":351,"column":51}},"36":{"start":{"line":353,"column":8},"end":{"line":353,"column":33}},"37":{"start":{"line":358,"column":8},"end":{"line":358,"column":91}},"38":{"start":{"line":360,"column":8},"end":{"line":360,"column":12236}},"39":{"start":{"line":364,"column":8},"end":{"line":364,"column":12303}},"40":{"start":{"line":372,"column":8},"end":{"line":372,"column":26}},"41":{"start":{"line":376,"column":8},"end":{"line":376,"column":57}},"42":{"start":{"line":381,"column":8},"end":{"line":381,"column":68}},"43":{"start":{"line":389,"column":8},"end":{"line":389,"column":64}},"44":{"start":{"line":392,"column":8},"end":{"line":392,"column":82}},"45":{"start":{"line":394,"column":8},"end":{"line":394,"column":13380}},"46":{"start":{"line":397,"column":8},"end":{"line":397,"column":13442}},"47":{"start":{"line":410,"column":8},"end":{"line":410,"column":82}},"48":{"start":{"line":413,"column":8},"end":{"line":413,"column":47}},"49":{"start":{"line":417,"column":8},"end":{"line":417,"column":14116}},"50":{"start":{"line":427,"column":8},"end":{"line":427,"column":78}},"51":{"start":{"line":430,"column":8},"end":{"line":430,"column":68}},"52":{"start":{"line":443,"column":8},"end":{"line":443,"column":27}},"53":{"start":{"line":448,"column":8},"end":{"line":448,"column":15132}},"54":{"start":{"line":460,"column":8},"end":{"line":460,"column":26}},"55":{"start":{"line":462,"column":8},"end":{"line":462,"column":110}},"56":{"start":{"line":467,"column":8},"end":{"line":467,"column":105}},"57":{"start":{"line":472,"column":8},"end":{"line":472,"column":16161}},"58":{"start":{"line":474,"column":12},"end":{"line":474,"column":132}},"59":{"start":{"line":478,"column":12},"end":{"line":478,"column":54}},"60":{"start":{"line":481,"column":12},"end":{"line":481,"column":53}},"61":{"start":{"line":484,"column":13},"end":{"line":484,"column":16611}},"62":{"start":{"line":486,"column":12},"end":{"line":486,"column":133}},"63":{"start":{"line":490,"column":12},"end":{"line":490,"column":56}},"64":{"start":{"line":493,"column":12},"end":{"line":493,"column":55}},"65":{"start":{"line":496,"column":13},"end":{"line":496,"column":17062}},"66":{"start":{"line":503,"column":12},"end":{"line":503,"column":36}},"67":{"start":{"line":506,"column":12},"end":{"line":506,"column":39}},"68":{"start":{"line":511,"column":12},"end":{"line":511,"column":17679}},"69":{"start":{"line":516,"column":17},"end":{"line":516,"column":17837}},"70":{"start":{"line":521,"column":17},"end":{"line":521,"column":17997}},"71":{"start":{"line":526,"column":17},"end":{"line":526,"column":18158}},"72":{"start":{"line":531,"column":17},"end":{"line":531,"column":18351}},"73":{"start":{"line":540,"column":12},"end":{"line":540,"column":51}},"74":{"start":{"line":544,"column":8},"end":{"line":544,"column":18876}},"75":{"start":{"line":550,"column":8},"end":{"line":550,"column":19015}},"76":{"start":{"line":557,"column":8},"end":{"line":557,"column":19210}},"77":{"start":{"line":569,"column":8},"end":{"line":569,"column":19607}},"78":{"start":{"line":571,"column":12},"end":{"line":571,"column":30}},"79":{"start":{"line":574,"column":8},"end":{"line":574,"column":19747}},"80":{"start":{"line":576,"column":12},"end":{"line":576,"column":42}},"81":{"start":{"line":579,"column":8},"end":{"line":579,"column":16}},"82":{"start":{"line":587,"column":8},"end":{"line":587,"column":20173}},"83":{"start":{"line":593,"column":8},"end":{"line":593,"column":93}},"84":{"start":{"line":595,"column":8},"end":{"line":595,"column":24}},"85":{"start":{"line":596,"column":8},"end":{"line":596,"column":18}},"86":{"start":{"line":597,"column":8},"end":{"line":597,"column":18}},"87":{"start":{"line":598,"column":8},"end":{"line":598,"column":18}},"88":{"start":{"line":599,"column":8},"end":{"line":599,"column":23}},"89":{"start":{"line":600,"column":8},"end":{"line":600,"column":24}},"90":{"start":{"line":601,"column":8},"end":{"line":601,"column":23}},"91":{"start":{"line":603,"column":8},"end":{"line":603,"column":20685}},"92":{"start":{"line":624,"column":16},"end":{"line":624,"column":21667}},"93":{"start":{"line":629,"column":16},"end":{"line":629,"column":21795}},"94":{"start":{"line":636,"column":16},"end":{"line":636,"column":21969}},"95":{"start":{"line":638,"column":20},"end":{"line":638,"column":22044}},"96":{"start":{"line":642,"column":27},"end":{"line":642,"column":22160}},"97":{"start":{"line":651,"column":23},"end":{"line":651,"column":22411}},"98":{"start":{"line":653,"column":21},"end":{"line":653,"column":22487}},"99":{"start":{"line":657,"column":27},"end":{"line":657,"column":22604}},"100":{"start":{"line":666,"column":23},"end":{"line":666,"column":22859}},"101":{"start":{"line":668,"column":20},"end":{"line":668,"column":22907}},"102":{"start":{"line":674,"column":16},"end":{"line":674,"column":23100}},"103":{"start":{"line":682,"column":11},"end":{"line":682,"column":23310}},"104":{"start":{"line":688,"column":8},"end":{"line":688,"column":23449}},"105":{"start":{"line":695,"column":8},"end":{"line":695,"column":23641}},"106":{"start":{"line":696,"column":8},"end":{"line":696,"column":23666}},"107":{"start":{"line":702,"column":15},"end":{"line":702,"column":23845}},"108":{"start":{"line":717,"column":8},"end":{"line":717,"column":115}},"109":{"start":{"line":723,"column":8},"end":{"line":723,"column":24603}},"110":{"start":{"line":725,"column":12},"end":{"line":725,"column":24686}},"111":{"start":{"line":733,"column":12},"end":{"line":733,"column":24901}},"112":{"start":{"line":734,"column":16},"end":{"line":734,"column":33}},"113":{"start":{"line":737,"column":16},"end":{"line":737,"column":25053}},"114":{"start":{"line":744,"column":16},"end":{"line":744,"column":52}},"115":{"start":{"line":747,"column":16},"end":{"line":747,"column":25371}},"116":{"start":{"line":750,"column":23},"end":{"line":750,"column":25504}},"117":{"start":{"line":753,"column":23},"end":{"line":753,"column":25635}},"118":{"start":{"line":756,"column":23},"end":{"line":756,"column":25769}},"119":{"start":{"line":759,"column":23},"end":{"line":759,"column":25901}},"120":{"start":{"line":762,"column":23},"end":{"line":762,"column":26034}},"121":{"start":{"line":767,"column":23},"end":{"line":767,"column":26195}},"122":{"start":{"line":770,"column":23},"end":{"line":770,"column":26328}},"123":{"start":{"line":773,"column":23},"end":{"line":773,"column":26459}},"124":{"start":{"line":776,"column":23},"end":{"line":776,"column":26594}},"125":{"start":{"line":779,"column":23},"end":{"line":779,"column":26724}},"126":{"start":{"line":782,"column":23},"end":{"line":782,"column":26859}},"127":{"start":{"line":787,"column":23},"end":{"line":787,"column":27020}},"128":{"start":{"line":790,"column":23},"end":{"line":790,"column":27154}},"129":{"start":{"line":793,"column":23},"end":{"line":793,"column":27286}},"130":{"start":{"line":796,"column":23},"end":{"line":796,"column":27422}},"131":{"start":{"line":799,"column":23},"end":{"line":799,"column":27553}},"132":{"start":{"line":802,"column":23},"end":{"line":802,"column":27683}},"133":{"start":{"line":807,"column":23},"end":{"line":807,"column":27848}},"134":{"start":{"line":810,"column":23},"end":{"line":810,"column":27983}},"135":{"start":{"line":813,"column":23},"end":{"line":813,"column":28118}},"136":{"start":{"line":816,"column":23},"end":{"line":816,"column":28248}},"137":{"start":{"line":819,"column":23},"end":{"line":819,"column":28383}},"138":{"start":{"line":822,"column":23},"end":{"line":822,"column":28516}},"139":{"start":{"line":828,"column":21},"end":{"line":828,"column":28693}},"140":{"start":{"line":831,"column":23},"end":{"line":831,"column":28826}},"141":{"start":{"line":834,"column":23},"end":{"line":834,"column":28957}},"142":{"start":{"line":837,"column":23},"end":{"line":837,"column":29093}},"143":{"start":{"line":840,"column":23},"end":{"line":840,"column":29231}},"144":{"start":{"line":843,"column":23},"end":{"line":843,"column":29362}},"145":{"start":{"line":848,"column":16},"end":{"line":848,"column":46}},"146":{"start":{"line":852,"column":16},"end":{"line":852,"column":29667}},"147":{"start":{"line":864,"column":8},"end":{"line":864,"column":30008}},"148":{"start":{"line":870,"column":8},"end":{"line":870,"column":30147}},"149":{"start":{"line":877,"column":8},"end":{"line":877,"column":30339}},"150":{"start":{"line":884,"column":8},"end":{"line":884,"column":26}},"151":{"start":{"line":890,"column":8},"end":{"line":890,"column":61}},"152":{"start":{"line":891,"column":8},"end":{"line":891,"column":57}},"153":{"start":{"line":894,"column":8},"end":{"line":894,"column":72}},"154":{"start":{"line":895,"column":8},"end":{"line":895,"column":42}},"155":{"start":{"line":901,"column":8},"end":{"line":901,"column":61}},"156":{"start":{"line":902,"column":8},"end":{"line":902,"column":57}},"157":{"start":{"line":903,"column":8},"end":{"line":903,"column":74}},"158":{"start":{"line":906,"column":8},"end":{"line":906,"column":80}},"159":{"start":{"line":907,"column":8},"end":{"line":907,"column":29}},"160":{"start":{"line":908,"column":8},"end":{"line":908,"column":31449}},"161":{"start":{"line":909,"column":12},"end":{"line":909,"column":31533}},"162":{"start":{"line":914,"column":8},"end":{"line":914,"column":31634}},"163":{"start":{"line":917,"column":15},"end":{"line":917,"column":31772}},"164":{"start":{"line":928,"column":8},"end":{"line":928,"column":32176}},"165":{"start":{"line":929,"column":12},"end":{"line":929,"column":32220}},"166":{"start":{"line":930,"column":16},"end":{"line":930,"column":49}},"167":{"start":{"line":931,"column":16},"end":{"line":931,"column":28}},"168":{"start":{"line":934,"column":8},"end":{"line":934,"column":40}},"169":{"start":{"line":935,"column":8},"end":{"line":935,"column":19}},"170":{"start":{"line":940,"column":8},"end":{"line":940,"column":68}},"171":{"start":{"line":943,"column":8},"end":{"line":943,"column":32591}},"172":{"start":{"line":948,"column":8},"end":{"line":948,"column":39}},"173":{"start":{"line":965,"column":8},"end":{"line":965,"column":67}},"174":{"start":{"line":966,"column":8},"end":{"line":966,"column":60}},"175":{"start":{"line":969,"column":8},"end":{"line":969,"column":110}},"176":{"start":{"line":989,"column":8},"end":{"line":989,"column":50}},"177":{"start":{"line":990,"column":8},"end":{"line":990,"column":57}},"178":{"start":{"line":991,"column":8},"end":{"line":991,"column":82}},"179":{"start":{"line":998,"column":8},"end":{"line":998,"column":94}},"180":{"start":{"line":999,"column":8},"end":{"line":999,"column":94}}},"branchMap":{"1":{"line":140,"type":"if","locations":[{"start":{"line":140,"column":112},"end":{"line":140,"column":112}},{"start":{"line":140,"column":112},"end":{"line":140,"column":112}}]},"2":{"line":155,"type":"if","locations":[{"start":{"line":155,"column":8},"end":{"line":155,"column":8}},{"start":{"line":155,"column":8},"end":{"line":155,"column":8}}]},"3":{"line":161,"type":"if","locations":[{"start":{"line":161,"column":8},"end":{"line":161,"column":8}},{"start":{"line":161,"column":8},"end":{"line":161,"column":8}}]},"4":{"line":168,"type":"if","locations":[{"start":{"line":168,"column":8},"end":{"line":168,"column":8}},{"start":{"line":168,"column":8},"end":{"line":168,"column":8}}]},"5":{"line":174,"type":"if","locations":[{"start":{"line":174,"column":8},"end":{"line":174,"column":8}},{"start":{"line":174,"column":8},"end":{"line":174,"column":8}}]},"6":{"line":231,"type":"if","locations":[{"start":{"line":231,"column":8},"end":{"line":231,"column":8}},{"start":{"line":231,"column":8},"end":{"line":231,"column":8}}]},"7":{"line":242,"type":"if","locations":[{"start":{"line":242,"column":8},"end":{"line":242,"column":8}},{"start":{"line":242,"column":8},"end":{"line":242,"column":8}}]},"8":{"line":280,"type":"if","locations":[{"start":{"line":280,"column":8},"end":{"line":280,"column":8}},{"start":{"line":280,"column":8},"end":{"line":280,"column":8}}]},"9":{"line":282,"type":"if","locations":[{"start":{"line":282,"column":8},"end":{"line":282,"column":8}},{"start":{"line":282,"column":8},"end":{"line":282,"column":8}}]},"10":{"line":292,"type":"if","locations":[{"start":{"line":292,"column":8},"end":{"line":292,"column":8}},{"start":{"line":292,"column":8},"end":{"line":292,"column":8}}]},"11":{"line":293,"type":"if","locations":[{"start":{"line":293,"column":8},"end":{"line":293,"column":8}},{"start":{"line":293,"column":8},"end":{"line":293,"column":8}}]},"12":{"line":294,"type":"if","locations":[{"start":{"line":294,"column":8},"end":{"line":294,"column":8}},{"start":{"line":294,"column":8},"end":{"line":294,"column":8}}]},"13":{"line":304,"type":"if","locations":[{"start":{"line":304,"column":8},"end":{"line":304,"column":8}},{"start":{"line":304,"column":8},"end":{"line":304,"column":8}}]},"14":{"line":305,"type":"if","locations":[{"start":{"line":305,"column":8},"end":{"line":305,"column":8}},{"start":{"line":305,"column":8},"end":{"line":305,"column":8}}]},"15":{"line":319,"type":"if","locations":[{"start":{"line":319,"column":44},"end":{"line":319,"column":44}},{"start":{"line":319,"column":44},"end":{"line":319,"column":44}}]},"16":{"line":321,"type":"if","locations":[{"start":{"line":321,"column":8},"end":{"line":321,"column":8}},{"start":{"line":321,"column":8},"end":{"line":321,"column":8}}]},"17":{"line":325,"type":"if","locations":[{"start":{"line":325,"column":8},"end":{"line":325,"column":8}},{"start":{"line":325,"column":8},"end":{"line":325,"column":8}}]},"18":{"line":327,"type":"if","locations":[{"start":{"line":327,"column":12},"end":{"line":327,"column":12}},{"start":{"line":327,"column":12},"end":{"line":327,"column":12}}]},"19":{"line":331,"type":"if","locations":[{"start":{"line":331,"column":12},"end":{"line":331,"column":12}},{"start":{"line":331,"column":12},"end":{"line":331,"column":12}}]},"20":{"line":347,"type":"if","locations":[{"start":{"line":347,"column":40},"end":{"line":347,"column":40}},{"start":{"line":347,"column":40},"end":{"line":347,"column":40}}]},"21":{"line":360,"type":"if","locations":[{"start":{"line":360,"column":8},"end":{"line":360,"column":8}},{"start":{"line":360,"column":8},"end":{"line":360,"column":8}}]},"22":{"line":364,"type":"if","locations":[{"start":{"line":364,"column":8},"end":{"line":364,"column":8}},{"start":{"line":364,"column":8},"end":{"line":364,"column":8}}]},"23":{"line":375,"type":"if","locations":[{"start":{"line":375,"column":43},"end":{"line":375,"column":43}},{"start":{"line":375,"column":43},"end":{"line":375,"column":43}}]},"24":{"line":380,"type":"if","locations":[{"start":{"line":380,"column":36},"end":{"line":380,"column":36}},{"start":{"line":380,"column":36},"end":{"line":380,"column":36}}]},"25":{"line":381,"type":"if","locations":[{"start":{"line":381,"column":8},"end":{"line":381,"column":8}},{"start":{"line":381,"column":8},"end":{"line":381,"column":8}}]},"26":{"line":388,"type":"if","locations":[{"start":{"line":388,"column":35},"end":{"line":388,"column":35}},{"start":{"line":388,"column":35},"end":{"line":388,"column":35}}]},"27":{"line":389,"type":"if","locations":[{"start":{"line":389,"column":8},"end":{"line":389,"column":8}},{"start":{"line":389,"column":8},"end":{"line":389,"column":8}}]},"28":{"line":394,"type":"if","locations":[{"start":{"line":394,"column":8},"end":{"line":394,"column":8}},{"start":{"line":394,"column":8},"end":{"line":394,"column":8}}]},"29":{"line":397,"type":"if","locations":[{"start":{"line":397,"column":8},"end":{"line":397,"column":8}},{"start":{"line":397,"column":8},"end":{"line":397,"column":8}}]},"30":{"line":408,"type":"if","locations":[{"start":{"line":408,"column":52},"end":{"line":408,"column":52}},{"start":{"line":408,"column":52},"end":{"line":408,"column":52}}]},"31":{"line":410,"type":"if","locations":[{"start":{"line":410,"column":8},"end":{"line":410,"column":8}},{"start":{"line":410,"column":8},"end":{"line":410,"column":8}}]},"32":{"line":417,"type":"if","locations":[{"start":{"line":417,"column":8},"end":{"line":417,"column":8}},{"start":{"line":417,"column":8},"end":{"line":417,"column":8}}]},"33":{"line":425,"type":"if","locations":[{"start":{"line":425,"column":53},"end":{"line":425,"column":53}},{"start":{"line":425,"column":53},"end":{"line":425,"column":53}}]},"34":{"line":427,"type":"if","locations":[{"start":{"line":427,"column":8},"end":{"line":427,"column":8}},{"start":{"line":427,"column":8},"end":{"line":427,"column":8}}]},"35":{"line":430,"type":"if","locations":[{"start":{"line":430,"column":8},"end":{"line":430,"column":8}},{"start":{"line":430,"column":8},"end":{"line":430,"column":8}}]},"36":{"line":448,"type":"if","locations":[{"start":{"line":448,"column":8},"end":{"line":448,"column":8}},{"start":{"line":448,"column":8},"end":{"line":448,"column":8}}]},"37":{"line":459,"type":"if","locations":[{"start":{"line":459,"column":45},"end":{"line":459,"column":45}},{"start":{"line":459,"column":45},"end":{"line":459,"column":45}}]},"38":{"line":459,"type":"if","locations":[{"start":{"line":459,"column":63},"end":{"line":459,"column":63}},{"start":{"line":459,"column":63},"end":{"line":459,"column":63}}]},"39":{"line":462,"type":"if","locations":[{"start":{"line":462,"column":8},"end":{"line":462,"column":8}},{"start":{"line":462,"column":8},"end":{"line":462,"column":8}}]},"40":{"line":472,"type":"if","locations":[{"start":{"line":472,"column":8},"end":{"line":472,"column":8}},{"start":{"line":472,"column":8},"end":{"line":472,"column":8}}]},"41":{"line":484,"type":"if","locations":[{"start":{"line":484,"column":13},"end":{"line":484,"column":13}},{"start":{"line":484,"column":13},"end":{"line":484,"column":13}}]},"42":{"line":496,"type":"if","locations":[{"start":{"line":496,"column":13},"end":{"line":496,"column":13}},{"start":{"line":496,"column":13},"end":{"line":496,"column":13}}]},"43":{"line":511,"type":"if","locations":[{"start":{"line":511,"column":12},"end":{"line":511,"column":12}},{"start":{"line":511,"column":12},"end":{"line":511,"column":12}}]},"44":{"line":516,"type":"if","locations":[{"start":{"line":516,"column":17},"end":{"line":516,"column":17}},{"start":{"line":516,"column":17},"end":{"line":516,"column":17}}]},"45":{"line":521,"type":"if","locations":[{"start":{"line":521,"column":17},"end":{"line":521,"column":17}},{"start":{"line":521,"column":17},"end":{"line":521,"column":17}}]},"46":{"line":526,"type":"if","locations":[{"start":{"line":526,"column":17},"end":{"line":526,"column":17}},{"start":{"line":526,"column":17},"end":{"line":526,"column":17}}]},"47":{"line":531,"type":"if","locations":[{"start":{"line":531,"column":17},"end":{"line":531,"column":17}},{"start":{"line":531,"column":17},"end":{"line":531,"column":17}}]},"48":{"line":544,"type":"if","locations":[{"start":{"line":544,"column":8},"end":{"line":544,"column":8}},{"start":{"line":544,"column":8},"end":{"line":544,"column":8}}]},"49":{"line":550,"type":"if","locations":[{"start":{"line":550,"column":8},"end":{"line":550,"column":8}},{"start":{"line":550,"column":8},"end":{"line":550,"column":8}}]},"50":{"line":557,"type":"if","locations":[{"start":{"line":557,"column":8},"end":{"line":557,"column":8}},{"start":{"line":557,"column":8},"end":{"line":557,"column":8}}]},"51":{"line":569,"type":"if","locations":[{"start":{"line":569,"column":8},"end":{"line":569,"column":8}},{"start":{"line":569,"column":8},"end":{"line":569,"column":8}}]},"52":{"line":574,"type":"if","locations":[{"start":{"line":574,"column":8},"end":{"line":574,"column":8}},{"start":{"line":574,"column":8},"end":{"line":574,"column":8}}]},"53":{"line":583,"type":"if","locations":[{"start":{"line":583,"column":45},"end":{"line":583,"column":45}},{"start":{"line":583,"column":45},"end":{"line":583,"column":45}}]},"54":{"line":587,"type":"if","locations":[{"start":{"line":587,"column":8},"end":{"line":587,"column":8}},{"start":{"line":587,"column":8},"end":{"line":587,"column":8}}]},"55":{"line":593,"type":"if","locations":[{"start":{"line":593,"column":8},"end":{"line":593,"column":8}},{"start":{"line":593,"column":8},"end":{"line":593,"column":8}}]},"56":{"line":624,"type":"if","locations":[{"start":{"line":624,"column":16},"end":{"line":624,"column":16}},{"start":{"line":624,"column":16},"end":{"line":624,"column":16}}]},"57":{"line":629,"type":"if","locations":[{"start":{"line":629,"column":16},"end":{"line":629,"column":16}},{"start":{"line":629,"column":16},"end":{"line":629,"column":16}}]},"58":{"line":636,"type":"if","locations":[{"start":{"line":636,"column":16},"end":{"line":636,"column":16}},{"start":{"line":636,"column":16},"end":{"line":636,"column":16}}]},"59":{"line":638,"type":"if","locations":[{"start":{"line":638,"column":20},"end":{"line":638,"column":20}},{"start":{"line":638,"column":20},"end":{"line":638,"column":20}}]},"60":{"line":642,"type":"if","locations":[{"start":{"line":642,"column":27},"end":{"line":642,"column":27}},{"start":{"line":642,"column":27},"end":{"line":642,"column":27}}]},"61":{"line":651,"type":"if","locations":[{"start":{"line":651,"column":23},"end":{"line":651,"column":23}},{"start":{"line":651,"column":23},"end":{"line":651,"column":23}}]},"62":{"line":653,"type":"if","locations":[{"start":{"line":653,"column":21},"end":{"line":653,"column":21}},{"start":{"line":653,"column":21},"end":{"line":653,"column":21}}]},"63":{"line":657,"type":"if","locations":[{"start":{"line":657,"column":27},"end":{"line":657,"column":27}},{"start":{"line":657,"column":27},"end":{"line":657,"column":27}}]},"64":{"line":666,"type":"if","locations":[{"start":{"line":666,"column":23},"end":{"line":666,"column":23}},{"start":{"line":666,"column":23},"end":{"line":666,"column":23}}]},"65":{"line":668,"type":"if","locations":[{"start":{"line":668,"column":20},"end":{"line":668,"column":20}},{"start":{"line":668,"column":20},"end":{"line":668,"column":20}}]},"66":{"line":668,"type":"cond-expr","locations":[{"start":{"line":668,"column":24},"end":{"line":668,"column":32}},{"start":{"line":668,"column":37},"end":{"line":668,"column":45}}]},"67":{"line":668,"type":"cond-expr","locations":[{"start":{"line":668,"column":24},"end":{"line":668,"column":45}},{"start":{"line":668,"column":50},"end":{"line":668,"column":58}}]},"68":{"line":674,"type":"if","locations":[{"start":{"line":674,"column":16},"end":{"line":674,"column":16}},{"start":{"line":674,"column":16},"end":{"line":674,"column":16}}]},"69":{"line":682,"type":"if","locations":[{"start":{"line":682,"column":11},"end":{"line":682,"column":11}},{"start":{"line":682,"column":11},"end":{"line":682,"column":11}}]},"70":{"line":688,"type":"if","locations":[{"start":{"line":688,"column":8},"end":{"line":688,"column":8}},{"start":{"line":688,"column":8},"end":{"line":688,"column":8}}]},"71":{"line":695,"type":"if","locations":[{"start":{"line":695,"column":8},"end":{"line":695,"column":8}},{"start":{"line":695,"column":8},"end":{"line":695,"column":8}}]},"72":{"line":696,"type":"if","locations":[{"start":{"line":696,"column":8},"end":{"line":696,"column":8}},{"start":{"line":696,"column":8},"end":{"line":696,"column":8}}]},"73":{"line":702,"type":"if","locations":[{"start":{"line":702,"column":15},"end":{"line":702,"column":15}},{"start":{"line":702,"column":15},"end":{"line":702,"column":15}}]},"74":{"line":715,"type":"if","locations":[{"start":{"line":715,"column":43},"end":{"line":715,"column":43}},{"start":{"line":715,"column":43},"end":{"line":715,"column":43}}]},"75":{"line":715,"type":"if","locations":[{"start":{"line":715,"column":61},"end":{"line":715,"column":61}},{"start":{"line":715,"column":61},"end":{"line":715,"column":61}}]},"76":{"line":717,"type":"if","locations":[{"start":{"line":717,"column":8},"end":{"line":717,"column":8}},{"start":{"line":717,"column":8},"end":{"line":717,"column":8}}]},"77":{"line":733,"type":"if","locations":[{"start":{"line":733,"column":12},"end":{"line":733,"column":12}},{"start":{"line":733,"column":12},"end":{"line":733,"column":12}}]},"78":{"line":747,"type":"if","locations":[{"start":{"line":747,"column":16},"end":{"line":747,"column":16}},{"start":{"line":747,"column":16},"end":{"line":747,"column":16}}]},"79":{"line":750,"type":"if","locations":[{"start":{"line":750,"column":23},"end":{"line":750,"column":23}},{"start":{"line":750,"column":23},"end":{"line":750,"column":23}}]},"80":{"line":753,"type":"if","locations":[{"start":{"line":753,"column":23},"end":{"line":753,"column":23}},{"start":{"line":753,"column":23},"end":{"line":753,"column":23}}]},"81":{"line":756,"type":"if","locations":[{"start":{"line":756,"column":23},"end":{"line":756,"column":23}},{"start":{"line":756,"column":23},"end":{"line":756,"column":23}}]},"82":{"line":759,"type":"if","locations":[{"start":{"line":759,"column":23},"end":{"line":759,"column":23}},{"start":{"line":759,"column":23},"end":{"line":759,"column":23}}]},"83":{"line":762,"type":"if","locations":[{"start":{"line":762,"column":23},"end":{"line":762,"column":23}},{"start":{"line":762,"column":23},"end":{"line":762,"column":23}}]},"84":{"line":767,"type":"if","locations":[{"start":{"line":767,"column":23},"end":{"line":767,"column":23}},{"start":{"line":767,"column":23},"end":{"line":767,"column":23}}]},"85":{"line":770,"type":"if","locations":[{"start":{"line":770,"column":23},"end":{"line":770,"column":23}},{"start":{"line":770,"column":23},"end":{"line":770,"column":23}}]},"86":{"line":773,"type":"if","locations":[{"start":{"line":773,"column":23},"end":{"line":773,"column":23}},{"start":{"line":773,"column":23},"end":{"line":773,"column":23}}]},"87":{"line":776,"type":"if","locations":[{"start":{"line":776,"column":23},"end":{"line":776,"column":23}},{"start":{"line":776,"column":23},"end":{"line":776,"column":23}}]},"88":{"line":779,"type":"if","locations":[{"start":{"line":779,"column":23},"end":{"line":779,"column":23}},{"start":{"line":779,"column":23},"end":{"line":779,"column":23}}]},"89":{"line":782,"type":"if","locations":[{"start":{"line":782,"column":23},"end":{"line":782,"column":23}},{"start":{"line":782,"column":23},"end":{"line":782,"column":23}}]},"90":{"line":787,"type":"if","locations":[{"start":{"line":787,"column":23},"end":{"line":787,"column":23}},{"start":{"line":787,"column":23},"end":{"line":787,"column":23}}]},"91":{"line":790,"type":"if","locations":[{"start":{"line":790,"column":23},"end":{"line":790,"column":23}},{"start":{"line":790,"column":23},"end":{"line":790,"column":23}}]},"92":{"line":793,"type":"if","locations":[{"start":{"line":793,"column":23},"end":{"line":793,"column":23}},{"start":{"line":793,"column":23},"end":{"line":793,"column":23}}]},"93":{"line":796,"type":"if","locations":[{"start":{"line":796,"column":23},"end":{"line":796,"column":23}},{"start":{"line":796,"column":23},"end":{"line":796,"column":23}}]},"94":{"line":799,"type":"if","locations":[{"start":{"line":799,"column":23},"end":{"line":799,"column":23}},{"start":{"line":799,"column":23},"end":{"line":799,"column":23}}]},"95":{"line":802,"type":"if","locations":[{"start":{"line":802,"column":23},"end":{"line":802,"column":23}},{"start":{"line":802,"column":23},"end":{"line":802,"column":23}}]},"96":{"line":807,"type":"if","locations":[{"start":{"line":807,"column":23},"end":{"line":807,"column":23}},{"start":{"line":807,"column":23},"end":{"line":807,"column":23}}]},"97":{"line":810,"type":"if","locations":[{"start":{"line":810,"column":23},"end":{"line":810,"column":23}},{"start":{"line":810,"column":23},"end":{"line":810,"column":23}}]},"98":{"line":813,"type":"if","locations":[{"start":{"line":813,"column":23},"end":{"line":813,"column":23}},{"start":{"line":813,"column":23},"end":{"line":813,"column":23}}]},"99":{"line":816,"type":"if","locations":[{"start":{"line":816,"column":23},"end":{"line":816,"column":23}},{"start":{"line":816,"column":23},"end":{"line":816,"column":23}}]},"100":{"line":819,"type":"if","locations":[{"start":{"line":819,"column":23},"end":{"line":819,"column":23}},{"start":{"line":819,"column":23},"end":{"line":819,"column":23}}]},"101":{"line":822,"type":"if","locations":[{"start":{"line":822,"column":23},"end":{"line":822,"column":23}},{"start":{"line":822,"column":23},"end":{"line":822,"column":23}}]},"102":{"line":828,"type":"if","locations":[{"start":{"line":828,"column":21},"end":{"line":828,"column":21}},{"start":{"line":828,"column":21},"end":{"line":828,"column":21}}]},"103":{"line":831,"type":"if","locations":[{"start":{"line":831,"column":23},"end":{"line":831,"column":23}},{"start":{"line":831,"column":23},"end":{"line":831,"column":23}}]},"104":{"line":834,"type":"if","locations":[{"start":{"line":834,"column":23},"end":{"line":834,"column":23}},{"start":{"line":834,"column":23},"end":{"line":834,"column":23}}]},"105":{"line":837,"type":"if","locations":[{"start":{"line":837,"column":23},"end":{"line":837,"column":23}},{"start":{"line":837,"column":23},"end":{"line":837,"column":23}}]},"106":{"line":840,"type":"if","locations":[{"start":{"line":840,"column":23},"end":{"line":840,"column":23}},{"start":{"line":840,"column":23},"end":{"line":840,"column":23}}]},"107":{"line":843,"type":"if","locations":[{"start":{"line":843,"column":23},"end":{"line":843,"column":23}},{"start":{"line":843,"column":23},"end":{"line":843,"column":23}}]},"108":{"line":852,"type":"if","locations":[{"start":{"line":852,"column":16},"end":{"line":852,"column":16}},{"start":{"line":852,"column":16},"end":{"line":852,"column":16}}]},"109":{"line":864,"type":"if","locations":[{"start":{"line":864,"column":8},"end":{"line":864,"column":8}},{"start":{"line":864,"column":8},"end":{"line":864,"column":8}}]},"110":{"line":870,"type":"if","locations":[{"start":{"line":870,"column":8},"end":{"line":870,"column":8}},{"start":{"line":870,"column":8},"end":{"line":870,"column":8}}]},"111":{"line":877,"type":"if","locations":[{"start":{"line":877,"column":8},"end":{"line":877,"column":8}},{"start":{"line":877,"column":8},"end":{"line":877,"column":8}}]},"112":{"line":891,"type":"if","locations":[{"start":{"line":891,"column":8},"end":{"line":891,"column":8}},{"start":{"line":891,"column":8},"end":{"line":891,"column":8}}]},"113":{"line":902,"type":"if","locations":[{"start":{"line":902,"column":8},"end":{"line":902,"column":8}},{"start":{"line":902,"column":8},"end":{"line":902,"column":8}}]},"114":{"line":903,"type":"if","locations":[{"start":{"line":903,"column":8},"end":{"line":903,"column":8}},{"start":{"line":903,"column":8},"end":{"line":903,"column":8}}]},"115":{"line":909,"type":"if","locations":[{"start":{"line":909,"column":12},"end":{"line":909,"column":12}},{"start":{"line":909,"column":12},"end":{"line":909,"column":12}}]},"116":{"line":914,"type":"if","locations":[{"start":{"line":914,"column":8},"end":{"line":914,"column":8}},{"start":{"line":914,"column":8},"end":{"line":914,"column":8}}]},"117":{"line":917,"type":"if","locations":[{"start":{"line":917,"column":15},"end":{"line":917,"column":15}},{"start":{"line":917,"column":15},"end":{"line":917,"column":15}}]},"118":{"line":929,"type":"if","locations":[{"start":{"line":929,"column":12},"end":{"line":929,"column":12}},{"start":{"line":929,"column":12},"end":{"line":929,"column":12}}]},"119":{"line":940,"type":"if","locations":[{"start":{"line":940,"column":8},"end":{"line":940,"column":8}},{"start":{"line":940,"column":8},"end":{"line":940,"column":8}}]},"120":{"line":965,"type":"if","locations":[{"start":{"line":965,"column":8},"end":{"line":965,"column":8}},{"start":{"line":965,"column":8},"end":{"line":965,"column":8}}]},"121":{"line":966,"type":"if","locations":[{"start":{"line":966,"column":8},"end":{"line":966,"column":8}},{"start":{"line":966,"column":8},"end":{"line":966,"column":8}}]},"122":{"line":969,"type":"if","locations":[{"start":{"line":969,"column":8},"end":{"line":969,"column":8}},{"start":{"line":969,"column":8},"end":{"line":969,"column":8}}]},"123":{"line":990,"type":"if","locations":[{"start":{"line":990,"column":8},"end":{"line":990,"column":8}},{"start":{"line":990,"column":8},"end":{"line":990,"column":8}}]},"124":{"line":991,"type":"if","locations":[{"start":{"line":991,"column":8},"end":{"line":991,"column":8}},{"start":{"line":991,"column":8},"end":{"line":991,"column":8}}]}}},
"contracts/Web3kinzClothing.sol":{"l":{"36":22,"37":22,"38":22,"40":22,"41":22,"52":8,"61":2},"path":"/Users/sophia/Downloads/Web3kinz-main/contracts/Web3kinzClothing.sol","s":{"1":22,"2":22,"3":22,"4":22,"5":8,"6":2},"b":{"1":[22,1]},"f":{"1":77,"2":22,"3":8,"4":2},"fnMap":{"1":{"name":"constructor","line":24,"loc":{"start":{"line":22,"column":4},"end":{"line":25,"column":5}}},"2":{"name":"safeMint","line":30,"loc":{"start":{"line":28,"column":4},"end":{"line":42,"column":4}}},"3":{"name":"tokenURI","line":46,"loc":{"start":{"line":46,"column":4},"end":{"line":53,"column":4}}},"4":{"name":"supportsInterface","line":55,"loc":{"start":{"line":55,"column":4},"end":{"line":62,"column":4}}}},"statementMap":{"1":{"start":{"line":37,"column":8},"end":{"line":37,"column":40}},"2":{"start":{"line":38,"column":8},"end":{"line":38,"column":29}},"3":{"start":{"line":40,"column":8},"end":{"line":40,"column":42}},"4":{"start":{"line":41,"column":8},"end":{"line":41,"column":22}},"5":{"start":{"line":52,"column":8},"end":{"line":52,"column":38}},"6":{"start":{"line":61,"column":8},"end":{"line":61,"column":51}}},"branchMap":{"1":{"line":30,"type":"if","locations":[{"start":{"line":30,"column":8},"end":{"line":30,"column":8}},{"start":{"line":30,"column":8},"end":{"line":30,"column":8}}]}}},
"contracts/Web3kinzFood.sol":{"l":{"22":23,"26":4},"path":"/Users/sophia/Downloads/Web3kinz-main/contracts/Web3kinzFood.sol","s":{"1":23,"2":4},"b":{"1":[23,1],"2":[4,1]},"f":{"1":81,"2":23,"3":4},"fnMap":{"1":{"name":"constructor","line":17,"loc":{"start":{"line":14,"column":4},"end":{"line":18,"column":5}}},"2":{"name":"mint","line":21,"loc":{"start":{"line":21,"column":4},"end":{"line":23,"column":4}}},"3":{"name":"burnFromAddress","line":25,"loc":{"start":{"line":25,"column":4},"end":{"line":27,"column":4}}}},"statementMap":{"1":{"start":{"line":22,"column":8},"end":{"line":22,"column":24}},"2":{"start":{"line":26,"column":8},"end":{"line":26,"column":29}}},"branchMap":{"1":{"line":21,"type":"if","locations":[{"start":{"line":21,"column":53},"end":{"line":21,"column":53}},{"start":{"line":21,"column":53},"end":{"line":21,"column":53}}]},"2":{"line":25,"type":"if","locations":[{"start":{"line":25,"column":69},"end":{"line":25,"column":69}},{"start":{"line":25,"column":69},"end":{"line":25,"column":69}}]}}},
"contracts/Web3KinzFurniture.sol":{"l":{"34":9,"35":9,"36":9,"37":7,"48":5,"57":2},"path":"/Users/sophia/Downloads/Web3kinz-main/contracts/Web3KinzFurniture.sol","s":{"1":9,"2":9,"3":9,"4":7,"5":5,"6":2},"b":{"1":[9,1]},"f":{"1":13,"2":9,"3":5,"4":2},"fnMap":{"1":{"name":"constructor","line":20,"loc":{"start":{"line":18,"column":4},"end":{"line":21,"column":5}}},"2":{"name":"safeMint","line":30,"loc":{"start":{"line":28,"column":4},"end":{"line":38,"column":4}}},"3":{"name":"tokenURI","line":42,"loc":{"start":{"line":42,"column":4},"end":{"line":49,"column":4}}},"4":{"name":"supportsInterface","line":51,"loc":{"start":{"line":51,"column":4},"end":{"line":58,"column":4}}}},"statementMap":{"1":{"start":{"line":34,"column":8},"end":{"line":34,"column":40}},"2":{"start":{"line":35,"column":8},"end":{"line":35,"column":29}},"3":{"start":{"line":36,"column":8},"end":{"line":36,"column":42}},"4":{"start":{"line":37,"column":8},"end":{"line":37,"column":22}},"5":{"start":{"line":48,"column":8},"end":{"line":48,"column":38}},"6":{"start":{"line":57,"column":8},"end":{"line":57,"column":51}}},"branchMap":{"1":{"line":30,"type":"if","locations":[{"start":{"line":30,"column":8},"end":{"line":30,"column":8}},{"start":{"line":30,"column":8},"end":{"line":30,"column":8}}]}}},
"contracts/Web3KinzPet.sol":{"l":{"22":42,"23":42,"24":42},"path":"/Users/sophia/Downloads/Web3kinz-main/contracts/Web3KinzPet.sol","s":{"1":42,"2":42,"3":42},"b":{"1":[42,1]},"f":{"1":73,"2":42},"fnMap":{"1":{"name":"constructor","line":17,"loc":{"start":{"line":15,"column":4},"end":{"line":18,"column":5}}},"2":{"name":"safeMint","line":21,"loc":{"start":{"line":21,"column":4},"end":{"line":25,"column":4}}}},"statementMap":{"1":{"start":{"line":22,"column":8},"end":{"line":22,"column":40}},"2":{"start":{"line":23,"column":8},"end":{"line":23,"column":29}},"3":{"start":{"line":24,"column":8},"end":{"line":24,"column":22}}},"branchMap":{"1":{"line":21,"type":"if","locations":[{"start":{"line":21,"column":41},"end":{"line":21,"column":41}},{"start":{"line":21,"column":41},"end":{"line":21,"column":41}}]}}}}
