TN:
SF:/Users/sophia/Downloads/Web3kinz-main/contracts/Lock.sol
FN:13,constructor
FN:23,withdraw
FNF:2
FNH:0
FNDA:0,constructor
FNDA:0,withdraw
DA:14,0
DA:19,0
DA:20,0
DA:27,0
DA:28,0
DA:30,0
DA:32,0
LF:7
LH:0
BRDA:14,1,0,0
BRDA:14,1,1,0
BRDA:27,2,0,0
BRDA:27,2,1,0
BRDA:28,3,0,0
BRDA:28,3,1,0
BRF:6
BRH:0
end_of_record
TN:
SF:/Users/sophia/Downloads/Web3kinz-main/contracts/Web3Kinz.sol
FN:140,onlyOwner
FN:146,isAwake
FN:152,notComatose
FN:159,hasPet
FN:165,isPetOwner
FN:172,constructor
FN:221,adoptPet
FN:249,buyKinzCash
FN:256,checkKinzcashBalance
FN:270,purchaseFurniture
FN:282,purchaseClothing
FN:293,purchaseFood
FN:311,checkSleepStats
FN:339,checkHunger
FN:349,updateHunger
FN:367,checkHappiness
FN:372,naptime
FN:380,wakeup
FN:400,feedPet
FN:417,takeToVet
FN:439,_checkHealth
FN:451,wheelOfWow
FN:559,findResult
FN:575,wishingWell
FN:707,gemHunt
FN:880,checkGemAmount
FN:891,sellGem
FN:920,checkCrown
FN:932,redeemCrown
FN:950,proposeTrade
FN:981,makeTrade
FNF:31
FNH:28
FNDA:0,onlyOwner
FNDA:0,isAwake
FNDA:15,notComatose
FNDA:0,hasPet
FNDA:30,isPetOwner
FNDA:64,constructor
FNDA:38,adoptPet
FNDA:24,buyKinzCash
FNDA:1,checkKinzcashBalance
FNDA:5,purchaseFurniture
FNDA:15,purchaseClothing
FNDA:4,purchaseFood
FNDA:5,checkSleepStats
FNDA:3,checkHunger
FNDA:3,updateHunger
FNDA:1,checkHappiness
FNDA:5,naptime
FNDA:2,wakeup
FNDA:2,feedPet
FNDA:1,takeToVet
FNDA:10,_checkHealth
FNDA:4,wheelOfWow
FNDA:63,findResult
FNDA:8,wishingWell
FNDA:3,gemHunt
FNDA:3,checkGemAmount
FNDA:2,sellGem
FNDA:5,checkCrown
FNDA:2,redeemCrown
FNDA:5,proposeTrade
FNDA:2,makeTrade
DA:141,0
DA:142,0
DA:147,0
DA:148,0
DA:153,15
DA:154,15
DA:160,0
DA:161,0
DA:166,30
DA:167,26
DA:173,64
DA:178,64
DA:179,64
DA:180,64
DA:183,64
DA:184,64
DA:185,64
DA:186,64
DA:187,64
DA:188,64
DA:189,64
DA:190,64
DA:191,64
DA:192,64
DA:193,64
DA:194,64
DA:195,64
DA:196,64
DA:197,64
DA:198,64
DA:199,64
DA:200,64
DA:201,64
DA:202,64
DA:203,64
DA:204,64
DA:205,64
DA:206,64
DA:207,64
DA:208,64
DA:209,64
DA:210,64
DA:211,64
DA:212,64
DA:223,38
DA:226,37
DA:229,37
DA:234,37
DA:235,34
DA:236,34
DA:238,37
DA:239,37
DA:242,37
DA:245,37
DA:251,24
DA:252,24
DA:258,1
DA:261,1
DA:272,5
DA:274,4
DA:275,3
DA:277,3
DA:284,15
DA:285,15
DA:286,14
DA:287,12
DA:289,12
DA:296,4
DA:297,3
DA:300,2
DA:303,2
DA:312,5
DA:313,5
DA:314,4
DA:317,5
DA:318,2
DA:319,2
DA:320,1
DA:323,3
DA:324,0
DA:326,3
DA:330,5
DA:333,5
DA:334,5
DA:335,5
DA:340,3
DA:343,3
DA:345,3
DA:350,3
DA:352,3
DA:353,0
DA:356,3
DA:357,0
DA:360,3
DA:361,3
DA:364,3
DA:368,1
DA:373,5
DA:374,4
DA:376,4
DA:381,2
DA:382,1
DA:384,1
DA:386,1
DA:387,0
DA:389,1
DA:390,1
DA:392,0
DA:395,1
DA:402,2
DA:405,1
DA:409,1
DA:410,0
DA:412,1
DA:419,1
DA:422,0
DA:425,0
DA:426,0
DA:427,0
DA:428,0
DA:431,0
DA:432,0
DA:435,0
DA:440,10
DA:441,0
DA:452,4
DA:454,4
DA:456,3
DA:459,3
DA:460,3
DA:464,3
DA:466,0
DA:467,0
DA:470,0
DA:473,0
DA:478,0
DA:479,0
DA:482,0
DA:485,0
DA:495,3
DA:498,3
DA:503,0
DA:505,0
DA:510,0
DA:515,0
DA:520,0
DA:525,0
DA:526,0
DA:529,0
DA:532,0
DA:536,3
DA:537,3
DA:539,0
DA:542,3
DA:543,3
DA:545,0
DA:549,3
DA:550,0
DA:552,3
DA:561,63
DA:563,50
DA:566,13
DA:568,12
DA:571,1
DA:579,8
DA:581,3
DA:582,3
DA:585,8
DA:587,7
DA:588,7
DA:589,7
DA:590,7
DA:591,7
DA:592,7
DA:593,7
DA:595,7
DA:599,21
DA:600,21
DA:601,21
DA:603,21
DA:604,21
DA:605,21
DA:607,21
DA:608,21
DA:609,21
DA:612,21
DA:614,21
DA:616,21
DA:617,2
DA:618,2
DA:621,21
DA:622,5
DA:623,5
DA:626,21
DA:628,21
DA:630,5
DA:632,4
DA:636,1
DA:639,0
DA:645,1
DA:647,1
DA:651,0
DA:655,0
DA:660,15
DA:662,1
DA:666,21
DA:668,7
DA:671,21
DA:673,7
DA:674,7
DA:675,7
DA:677,0
DA:680,7
DA:681,7
DA:683,0
DA:687,7
DA:688,1
DA:689,1
DA:691,0
DA:694,6
DA:695,0
DA:697,6
DA:700,7
DA:709,3
DA:712,2
DA:715,2
DA:717,3
DA:722,3
DA:725,3
DA:726,2
DA:729,2
DA:734,2
DA:736,2
DA:739,2
DA:740,0
DA:741,0
DA:743,0
DA:744,0
DA:746,0
DA:747,0
DA:749,0
DA:750,0
DA:752,0
DA:753,0
DA:755,0
DA:756,0
DA:760,0
DA:761,0
DA:763,0
DA:764,0
DA:766,0
DA:767,0
DA:769,0
DA:770,0
DA:772,0
DA:773,0
DA:775,0
DA:776,0
DA:780,0
DA:781,0
DA:783,0
DA:784,0
DA:786,0
DA:787,0
DA:789,1
DA:790,1
DA:792,0
DA:793,0
DA:795,1
DA:796,1
DA:800,0
DA:801,0
DA:803,0
DA:804,0
DA:806,0
DA:807,0
DA:809,0
DA:810,0
DA:812,0
DA:813,0
DA:815,0
DA:816,0
DA:821,0
DA:822,0
DA:824,0
DA:825,0
DA:827,0
DA:828,0
DA:830,0
DA:831,0
DA:833,0
DA:834,0
DA:836,0
DA:837,0
DA:840,2
DA:844,2
DA:845,0
DA:847,2
DA:850,2
DA:856,2
DA:857,2
DA:859,0
DA:862,2
DA:863,2
DA:865,0
DA:869,2
DA:870,2
DA:872,0
DA:876,2
DA:882,3
DA:883,3
DA:886,2
DA:887,2
DA:893,2
DA:894,2
DA:895,1
DA:898,0
DA:899,0
DA:900,0
DA:901,0
DA:902,0
DA:906,0
DA:907,0
DA:909,0
DA:911,0
DA:912,0
DA:914,0
DA:915,0
DA:921,5
DA:922,5
DA:923,5
DA:924,5
DA:927,0
DA:928,0
DA:933,2
DA:936,0
DA:937,0
DA:941,0
DA:958,5
DA:959,4
DA:962,4
DA:965,3
DA:976,3
DA:982,2
DA:983,2
DA:984,2
DA:987,1
DA:991,1
DA:992,1
LF:349
LH:224
BRDA:141,1,0,0
BRDA:141,1,1,0
BRDA:147,2,0,0
BRDA:147,2,1,0
BRDA:153,3,0,15
BRDA:153,3,1,0
BRDA:160,4,0,0
BRDA:160,4,1,0
BRDA:166,5,0,26
BRDA:166,5,1,4
BRDA:223,6,0,37
BRDA:223,6,1,1
BRDA:234,7,0,34
BRDA:234,7,1,3
BRDA:272,8,0,4
BRDA:272,8,1,1
BRDA:274,9,0,3
BRDA:274,9,1,1
BRDA:284,10,0,15
BRDA:284,10,1,0
BRDA:285,11,0,14
BRDA:285,11,1,1
BRDA:286,12,0,12
BRDA:286,12,1,2
BRDA:296,13,0,3
BRDA:296,13,1,1
BRDA:297,14,0,2
BRDA:297,14,1,1
BRDA:311,15,0,5
BRDA:311,15,1,0
BRDA:313,16,0,4
BRDA:313,16,1,1
BRDA:317,17,0,2
BRDA:317,17,1,3
BRDA:319,18,0,1
BRDA:319,18,1,1
BRDA:323,19,0,0
BRDA:323,19,1,3
BRDA:339,20,0,3
BRDA:339,20,1,1
BRDA:352,21,0,0
BRDA:352,21,1,3
BRDA:356,22,0,0
BRDA:356,22,1,3
BRDA:367,23,0,1
BRDA:367,23,1,0
BRDA:372,24,0,5
BRDA:372,24,1,1
BRDA:373,25,0,4
BRDA:373,25,1,1
BRDA:380,26,0,2
BRDA:380,26,1,1
BRDA:381,27,0,1
BRDA:381,27,1,1
BRDA:386,28,0,0
BRDA:386,28,1,1
BRDA:389,29,0,1
BRDA:389,29,1,0
BRDA:400,30,0,2
BRDA:400,30,1,1
BRDA:402,31,0,1
BRDA:402,31,1,1
BRDA:409,32,0,0
BRDA:409,32,1,1
BRDA:417,33,0,1
BRDA:417,33,1,0
BRDA:419,34,0,0
BRDA:419,34,1,1
BRDA:422,35,0,0
BRDA:422,35,1,0
BRDA:440,36,0,0
BRDA:440,36,1,10
BRDA:451,37,0,4
BRDA:451,37,1,0
BRDA:451,38,0,4
BRDA:451,38,1,0
BRDA:454,39,0,3
BRDA:454,39,1,1
BRDA:464,40,0,0
BRDA:464,40,1,3
BRDA:476,41,0,0
BRDA:476,41,1,3
BRDA:488,42,0,3
BRDA:488,42,1,0
BRDA:503,43,0,0
BRDA:503,43,1,0
BRDA:508,44,0,0
BRDA:508,44,1,0
BRDA:513,45,0,0
BRDA:513,45,1,0
BRDA:518,46,0,0
BRDA:518,46,1,0
BRDA:523,47,0,0
BRDA:523,47,1,0
BRDA:536,48,0,3
BRDA:536,48,1,0
BRDA:542,49,0,3
BRDA:542,49,1,0
BRDA:549,50,0,0
BRDA:549,50,1,3
BRDA:561,51,0,50
BRDA:561,51,1,13
BRDA:566,52,0,12
BRDA:566,52,1,1
BRDA:575,53,0,8
BRDA:575,53,1,0
BRDA:579,54,0,3
BRDA:579,54,1,5
BRDA:585,55,0,7
BRDA:585,55,1,1
BRDA:616,56,0,2
BRDA:616,56,1,19
BRDA:621,57,0,5
BRDA:621,57,1,16
BRDA:628,58,0,5
BRDA:628,58,1,16
BRDA:630,59,0,4
BRDA:630,59,1,1
BRDA:634,60,0,1
BRDA:634,60,1,0
BRDA:643,61,0,1
BRDA:643,61,1,15
BRDA:645,62,0,1
BRDA:645,62,1,0
BRDA:649,63,0,0
BRDA:649,63,1,0
BRDA:658,64,0,15
BRDA:658,64,1,0
BRDA:660,65,0,1
BRDA:660,65,1,14
BRDA:660,66,0,1
BRDA:660,66,1,0
BRDA:660,67,0,0
BRDA:660,67,1,0
BRDA:666,68,0,7
BRDA:666,68,1,14
BRDA:674,69,0,7
BRDA:674,69,1,0
BRDA:680,70,0,7
BRDA:680,70,1,0
BRDA:687,71,0,1
BRDA:687,71,1,6
BRDA:688,72,0,1
BRDA:688,72,1,0
BRDA:694,73,0,0
BRDA:694,73,1,6
BRDA:707,74,0,3
BRDA:707,74,1,0
BRDA:707,75,0,3
BRDA:707,75,1,0
BRDA:709,76,0,2
BRDA:709,76,1,1
BRDA:725,77,0,2
BRDA:725,77,1,1
BRDA:739,78,0,0
BRDA:739,78,1,2
BRDA:742,79,0,0
BRDA:742,79,1,2
BRDA:745,80,0,0
BRDA:745,80,1,2
BRDA:748,81,0,0
BRDA:748,81,1,2
BRDA:751,82,0,0
BRDA:751,82,1,2
BRDA:754,83,0,0
BRDA:754,83,1,2
BRDA:759,84,0,0
BRDA:759,84,1,2
BRDA:762,85,0,0
BRDA:762,85,1,2
BRDA:765,86,0,0
BRDA:765,86,1,2
BRDA:768,87,0,0
BRDA:768,87,1,2
BRDA:771,88,0,0
BRDA:771,88,1,2
BRDA:774,89,0,0
BRDA:774,89,1,2
BRDA:779,90,0,0
BRDA:779,90,1,2
BRDA:782,91,0,0
BRDA:782,91,1,2
BRDA:785,92,0,0
BRDA:785,92,1,2
BRDA:788,93,0,1
BRDA:788,93,1,1
BRDA:791,94,0,0
BRDA:791,94,1,1
BRDA:794,95,0,1
BRDA:794,95,1,0
BRDA:799,96,0,0
BRDA:799,96,1,0
BRDA:802,97,0,0
BRDA:802,97,1,0
BRDA:805,98,0,0
BRDA:805,98,1,0
BRDA:808,99,0,0
BRDA:808,99,1,0
BRDA:811,100,0,0
BRDA:811,100,1,0
BRDA:814,101,0,0
BRDA:814,101,1,0
BRDA:820,102,0,0
BRDA:820,102,1,0
BRDA:823,103,0,0
BRDA:823,103,1,0
BRDA:826,104,0,0
BRDA:826,104,1,0
BRDA:829,105,0,0
BRDA:829,105,1,0
BRDA:832,106,0,0
BRDA:832,106,1,0
BRDA:835,107,0,0
BRDA:835,107,1,0
BRDA:844,108,0,0
BRDA:844,108,1,2
BRDA:856,109,0,2
BRDA:856,109,1,0
BRDA:862,110,0,2
BRDA:862,110,1,0
BRDA:869,111,0,2
BRDA:869,111,1,0
BRDA:883,112,0,2
BRDA:883,112,1,1
BRDA:894,113,0,1
BRDA:894,113,1,1
BRDA:895,114,0,0
BRDA:895,114,1,1
BRDA:901,115,0,0
BRDA:901,115,1,0
BRDA:906,116,0,0
BRDA:906,116,1,0
BRDA:910,117,0,0
BRDA:910,117,1,0
BRDA:922,118,0,5
BRDA:922,118,1,0
BRDA:933,119,0,0
BRDA:933,119,1,2
BRDA:958,120,0,4
BRDA:958,120,1,1
BRDA:959,121,0,4
BRDA:959,121,1,0
BRDA:962,122,0,3
BRDA:962,122,1,1
BRDA:983,123,0,2
BRDA:983,123,1,0
BRDA:984,124,0,1
BRDA:984,124,1,1
BRF:248
BRH:138
end_of_record
TN:
SF:/Users/sophia/Downloads/Web3kinz-main/contracts/Web3kinzClothing.sol
FN:24,constructor
FN:30,safeMint
FN:46,tokenURI
FN:55,supportsInterface
FNF:4
FNH:4
FNDA:77,constructor
FNDA:21,safeMint
FNDA:8,tokenURI
FNDA:2,supportsInterface
DA:36,21
DA:37,21
DA:38,21
DA:40,21
DA:41,21
DA:52,8
DA:61,2
LF:7
LH:7
BRDA:30,1,0,21
BRDA:30,1,1,1
BRF:2
BRH:2
end_of_record
TN:
SF:/Users/sophia/Downloads/Web3kinz-main/contracts/Web3kinzFood.sol
FN:17,constructor
FN:21,mint
FN:25,burnFromAddress
FNF:3
FNH:3
FNDA:81,constructor
FNDA:25,mint
FNDA:4,burnFromAddress
DA:22,25
DA:26,4
LF:2
LH:2
BRDA:21,1,0,25
BRDA:21,1,1,1
BRDA:25,2,0,4
BRDA:25,2,1,1
BRF:4
BRH:4
end_of_record
TN:
SF:/Users/sophia/Downloads/Web3kinz-main/contracts/Web3KinzFurniture.sol
FN:20,constructor
FN:30,safeMint
FN:42,tokenURI
FN:51,supportsInterface
FNF:4
FNH:4
FNDA:13,constructor
FNDA:9,safeMint
FNDA:5,tokenURI
FNDA:2,supportsInterface
DA:34,9
DA:35,9
DA:36,9
DA:37,7
DA:48,5
DA:57,2
LF:6
LH:6
BRDA:30,1,0,9
BRDA:30,1,1,1
BRF:2
BRH:2
end_of_record
TN:
SF:/Users/sophia/Downloads/Web3kinz-main/contracts/Web3KinzPet.sol
FN:17,constructor
FN:21,safeMint
FNF:2
FNH:2
FNDA:73,constructor
FNDA:42,safeMint
DA:22,42
DA:23,42
DA:24,42
LF:3
LH:3
BRDA:21,1,0,42
BRDA:21,1,1,1
BRF:2
BRH:2
end_of_record
