TN:
SF:/Users/sophia/Downloads/Web3kinz-main/contracts/Lock.sol
FN:13,constructor
FN:23,withdraw
FNF:2
FNH:0
FNDA:0,constructor
FNDA:0,withdraw
DA:14,0
DA:19,0
DA:20,0
DA:27,0
DA:28,0
DA:30,0
DA:32,0
LF:7
LH:0
BRDA:14,1,0,0
BRDA:14,1,1,0
BRDA:27,2,0,0
BRDA:27,2,1,0
BRDA:28,3,0,0
BRDA:28,3,1,0
BRF:6
BRH:0
end_of_record
TN:
SF:/Users/sophia/Downloads/Web3kinz-main/contracts/Web3Kinz.sol
FN:140,_setStatsForTesting
FN:147,onlyOwner
FN:154,isAwake
FN:160,notComatose
FN:167,hasPet
FN:173,isPetOwner
FN:180,constructor
FN:229,adoptPet
FN:257,buyKinzCash
FN:264,checkKinzcashBalance
FN:278,purchaseFurniture
FN:290,purchaseClothing
FN:301,purchaseFood
FN:319,checkSleepStats
FN:347,checkHunger
FN:357,updateHunger
FN:375,checkHappiness
FN:380,naptime
FN:388,wakeup
FN:408,feedPet
FN:425,takeToVet
FN:447,_checkHealth
FN:459,wheelOfWow
FN:567,findResult
FN:583,wishingWell
FN:715,gemHunt
FN:888,checkGemAmount
FN:899,sellGem
FN:927,checkCrown
FN:939,redeemCrown
FN:957,proposeTrade
FN:988,makeTrade
FNF:32
FNH:30
FNDA:2,_setStatsForTesting
FNDA:2,onlyOwner
FNDA:0,isAwake
FNDA:15,notComatose
FNDA:0,hasPet
FNDA:34,isPetOwner
FNDA:64,constructor
FNDA:38,adoptPet
FNDA:24,buyKinzCash
FNDA:1,checkKinzcashBalance
FNDA:5,purchaseFurniture
FNDA:15,purchaseClothing
FNDA:4,purchaseFood
FNDA:5,checkSleepStats
FNDA:5,checkHunger
FNDA:5,updateHunger
FNDA:1,checkHappiness
FNDA:5,naptime
FNDA:2,wakeup
FNDA:2,feedPet
FNDA:3,takeToVet
FNDA:12,_checkHealth
FNDA:4,wheelOfWow
FNDA:63,findResult
FNDA:8,wishingWell
FNDA:3,gemHunt
FNDA:3,checkGemAmount
FNDA:2,sellGem
FNDA:5,checkCrown
FNDA:2,redeemCrown
FNDA:5,proposeTrade
FNDA:2,makeTrade
DA:141,2
DA:142,2
DA:143,2
DA:149,2
DA:150,2
DA:155,0
DA:156,0
DA:161,15
DA:162,15
DA:168,0
DA:169,0
DA:174,34
DA:175,30
DA:181,64
DA:186,64
DA:187,64
DA:188,64
DA:191,64
DA:192,64
DA:193,64
DA:194,64
DA:195,64
DA:196,64
DA:197,64
DA:198,64
DA:199,64
DA:200,64
DA:201,64
DA:202,64
DA:203,64
DA:204,64
DA:205,64
DA:206,64
DA:207,64
DA:208,64
DA:209,64
DA:210,64
DA:211,64
DA:212,64
DA:213,64
DA:214,64
DA:215,64
DA:216,64
DA:217,64
DA:218,64
DA:219,64
DA:220,64
DA:231,38
DA:234,37
DA:237,37
DA:242,37
DA:243,34
DA:244,34
DA:246,37
DA:247,37
DA:250,37
DA:253,37
DA:259,24
DA:260,24
DA:266,1
DA:269,1
DA:280,5
DA:282,4
DA:283,3
DA:285,3
DA:292,15
DA:293,15
DA:294,14
DA:295,12
DA:297,12
DA:304,4
DA:305,3
DA:308,2
DA:311,2
DA:320,5
DA:321,5
DA:322,4
DA:325,5
DA:326,2
DA:327,2
DA:328,1
DA:331,3
DA:332,0
DA:334,3
DA:338,5
DA:341,5
DA:342,5
DA:343,5
DA:348,5
DA:351,5
DA:353,5
DA:358,5
DA:360,5
DA:361,0
DA:364,5
DA:365,0
DA:368,5
DA:369,5
DA:372,5
DA:376,1
DA:381,5
DA:382,4
DA:384,4
DA:389,2
DA:390,1
DA:392,1
DA:394,1
DA:395,0
DA:397,1
DA:398,1
DA:400,0
DA:403,1
DA:410,2
DA:413,1
DA:417,1
DA:418,0
DA:420,1
DA:427,3
DA:430,2
DA:433,1
DA:434,1
DA:435,1
DA:436,1
DA:439,1
DA:440,1
DA:443,1
DA:448,12
DA:449,2
DA:460,4
DA:462,4
DA:464,3
DA:467,3
DA:468,3
DA:472,3
DA:474,1
DA:475,1
DA:478,1
DA:481,1
DA:486,1
DA:487,1
DA:490,1
DA:493,0
DA:503,1
DA:506,1
DA:511,0
DA:513,0
DA:518,0
DA:523,0
DA:528,0
DA:533,0
DA:534,0
DA:537,0
DA:540,0
DA:544,2
DA:545,2
DA:547,0
DA:550,2
DA:551,2
DA:553,0
DA:557,2
DA:558,0
DA:560,2
DA:569,63
DA:571,50
DA:574,13
DA:576,12
DA:579,1
DA:587,8
DA:589,3
DA:590,3
DA:593,8
DA:595,7
DA:596,7
DA:597,7
DA:598,7
DA:599,7
DA:600,7
DA:601,7
DA:603,7
DA:607,21
DA:608,21
DA:609,21
DA:611,21
DA:612,21
DA:613,21
DA:615,21
DA:616,21
DA:617,21
DA:620,21
DA:622,21
DA:624,21
DA:625,3
DA:626,3
DA:629,21
DA:630,6
DA:631,6
DA:634,21
DA:636,21
DA:638,9
DA:640,8
DA:644,1
DA:647,0
DA:653,0
DA:655,0
DA:659,0
DA:663,0
DA:668,12
DA:670,1
DA:674,21
DA:676,7
DA:679,21
DA:681,7
DA:682,7
DA:683,7
DA:685,0
DA:688,7
DA:689,7
DA:691,0
DA:695,7
DA:696,1
DA:697,1
DA:699,0
DA:702,6
DA:703,0
DA:705,6
DA:708,7
DA:717,3
DA:720,2
DA:723,2
DA:725,4
DA:730,4
DA:733,4
DA:734,2
DA:737,2
DA:742,2
DA:744,2
DA:747,2
DA:748,0
DA:749,0
DA:751,0
DA:752,0
DA:754,0
DA:755,0
DA:757,0
DA:758,0
DA:760,0
DA:761,0
DA:763,0
DA:764,0
DA:768,0
DA:769,0
DA:771,0
DA:772,0
DA:774,0
DA:775,0
DA:777,0
DA:778,0
DA:780,0
DA:781,0
DA:783,0
DA:784,0
DA:788,0
DA:789,0
DA:791,0
DA:792,0
DA:794,0
DA:795,0
DA:797,0
DA:798,0
DA:800,0
DA:801,0
DA:803,0
DA:804,0
DA:808,0
DA:809,0
DA:811,0
DA:812,0
DA:814,1
DA:815,1
DA:817,0
DA:818,0
DA:820,0
DA:821,0
DA:823,0
DA:824,0
DA:829,0
DA:830,0
DA:832,0
DA:833,0
DA:835,0
DA:836,0
DA:838,1
DA:839,1
DA:841,0
DA:842,0
DA:844,0
DA:845,0
DA:848,2
DA:852,2
DA:853,0
DA:855,2
DA:858,2
DA:864,2
DA:865,2
DA:867,0
DA:870,2
DA:871,2
DA:873,0
DA:877,2
DA:878,2
DA:880,0
DA:884,2
DA:890,3
DA:891,3
DA:894,2
DA:895,2
DA:901,2
DA:902,2
DA:903,1
DA:906,0
DA:907,0
DA:908,0
DA:909,0
DA:910,0
DA:914,0
DA:915,0
DA:916,0
DA:918,0
DA:919,0
DA:921,0
DA:922,0
DA:928,5
DA:929,5
DA:930,5
DA:931,5
DA:934,0
DA:935,0
DA:940,2
DA:943,0
DA:944,0
DA:948,0
DA:965,5
DA:966,4
DA:969,4
DA:972,3
DA:983,3
DA:989,2
DA:990,2
DA:991,2
DA:994,1
DA:998,1
DA:999,1
LF:352
LH:243
BRDA:140,1,0,2
BRDA:140,1,1,0
BRDA:155,2,0,0
BRDA:155,2,1,0
BRDA:161,3,0,15
BRDA:161,3,1,0
BRDA:168,4,0,0
BRDA:168,4,1,0
BRDA:174,5,0,30
BRDA:174,5,1,4
BRDA:231,6,0,37
BRDA:231,6,1,1
BRDA:242,7,0,34
BRDA:242,7,1,3
BRDA:280,8,0,4
BRDA:280,8,1,1
BRDA:282,9,0,3
BRDA:282,9,1,1
BRDA:292,10,0,15
BRDA:292,10,1,0
BRDA:293,11,0,14
BRDA:293,11,1,1
BRDA:294,12,0,12
BRDA:294,12,1,2
BRDA:304,13,0,3
BRDA:304,13,1,1
BRDA:305,14,0,2
BRDA:305,14,1,1
BRDA:319,15,0,5
BRDA:319,15,1,0
BRDA:321,16,0,4
BRDA:321,16,1,1
BRDA:325,17,0,2
BRDA:325,17,1,3
BRDA:327,18,0,1
BRDA:327,18,1,1
BRDA:331,19,0,0
BRDA:331,19,1,3
BRDA:347,20,0,5
BRDA:347,20,1,1
BRDA:360,21,0,0
BRDA:360,21,1,5
BRDA:364,22,0,0
BRDA:364,22,1,5
BRDA:375,23,0,1
BRDA:375,23,1,0
BRDA:380,24,0,5
BRDA:380,24,1,1
BRDA:381,25,0,4
BRDA:381,25,1,1
BRDA:388,26,0,2
BRDA:388,26,1,1
BRDA:389,27,0,1
BRDA:389,27,1,1
BRDA:394,28,0,0
BRDA:394,28,1,1
BRDA:397,29,0,1
BRDA:397,29,1,0
BRDA:408,30,0,2
BRDA:408,30,1,1
BRDA:410,31,0,1
BRDA:410,31,1,1
BRDA:417,32,0,0
BRDA:417,32,1,1
BRDA:425,33,0,3
BRDA:425,33,1,0
BRDA:427,34,0,2
BRDA:427,34,1,1
BRDA:430,35,0,1
BRDA:430,35,1,1
BRDA:448,36,0,2
BRDA:448,36,1,10
BRDA:459,37,0,4
BRDA:459,37,1,0
BRDA:459,38,0,4
BRDA:459,38,1,0
BRDA:462,39,0,3
BRDA:462,39,1,1
BRDA:472,40,0,1
BRDA:472,40,1,2
BRDA:484,41,0,1
BRDA:484,41,1,1
BRDA:496,42,0,1
BRDA:496,42,1,0
BRDA:511,43,0,0
BRDA:511,43,1,0
BRDA:516,44,0,0
BRDA:516,44,1,0
BRDA:521,45,0,0
BRDA:521,45,1,0
BRDA:526,46,0,0
BRDA:526,46,1,0
BRDA:531,47,0,0
BRDA:531,47,1,0
BRDA:544,48,0,2
BRDA:544,48,1,0
BRDA:550,49,0,2
BRDA:550,49,1,0
BRDA:557,50,0,0
BRDA:557,50,1,2
BRDA:569,51,0,50
BRDA:569,51,1,13
BRDA:574,52,0,12
BRDA:574,52,1,1
BRDA:583,53,0,8
BRDA:583,53,1,0
BRDA:587,54,0,3
BRDA:587,54,1,5
BRDA:593,55,0,7
BRDA:593,55,1,1
BRDA:624,56,0,3
BRDA:624,56,1,18
BRDA:629,57,0,6
BRDA:629,57,1,15
BRDA:636,58,0,9
BRDA:636,58,1,12
BRDA:638,59,0,8
BRDA:638,59,1,1
BRDA:642,60,0,1
BRDA:642,60,1,0
BRDA:651,61,0,0
BRDA:651,61,1,12
BRDA:653,62,0,0
BRDA:653,62,1,0
BRDA:657,63,0,0
BRDA:657,63,1,0
BRDA:666,64,0,12
BRDA:666,64,1,0
BRDA:668,65,0,1
BRDA:668,65,1,11
BRDA:668,66,0,0
BRDA:668,66,1,1
BRDA:668,67,0,1
BRDA:668,67,1,0
BRDA:674,68,0,7
BRDA:674,68,1,14
BRDA:682,69,0,7
BRDA:682,69,1,0
BRDA:688,70,0,7
BRDA:688,70,1,0
BRDA:695,71,0,1
BRDA:695,71,1,6
BRDA:696,72,0,1
BRDA:696,72,1,0
BRDA:702,73,0,0
BRDA:702,73,1,6
BRDA:715,74,0,3
BRDA:715,74,1,0
BRDA:715,75,0,3
BRDA:715,75,1,0
BRDA:717,76,0,2
BRDA:717,76,1,1
BRDA:733,77,0,2
BRDA:733,77,1,2
BRDA:747,78,0,0
BRDA:747,78,1,2
BRDA:750,79,0,0
BRDA:750,79,1,2
BRDA:753,80,0,0
BRDA:753,80,1,2
BRDA:756,81,0,0
BRDA:756,81,1,2
BRDA:759,82,0,0
BRDA:759,82,1,2
BRDA:762,83,0,0
BRDA:762,83,1,2
BRDA:767,84,0,0
BRDA:767,84,1,2
BRDA:770,85,0,0
BRDA:770,85,1,2
BRDA:773,86,0,0
BRDA:773,86,1,2
BRDA:776,87,0,0
BRDA:776,87,1,2
BRDA:779,88,0,0
BRDA:779,88,1,2
BRDA:782,89,0,0
BRDA:782,89,1,2
BRDA:787,90,0,0
BRDA:787,90,1,2
BRDA:790,91,0,0
BRDA:790,91,1,2
BRDA:793,92,0,0
BRDA:793,92,1,2
BRDA:796,93,0,0
BRDA:796,93,1,2
BRDA:799,94,0,0
BRDA:799,94,1,2
BRDA:802,95,0,0
BRDA:802,95,1,2
BRDA:807,96,0,0
BRDA:807,96,1,2
BRDA:810,97,0,0
BRDA:810,97,1,2
BRDA:813,98,0,1
BRDA:813,98,1,1
BRDA:816,99,0,0
BRDA:816,99,1,1
BRDA:819,100,0,0
BRDA:819,100,1,1
BRDA:822,101,0,0
BRDA:822,101,1,1
BRDA:828,102,0,0
BRDA:828,102,1,1
BRDA:831,103,0,0
BRDA:831,103,1,1
BRDA:834,104,0,0
BRDA:834,104,1,1
BRDA:837,105,0,1
BRDA:837,105,1,0
BRDA:840,106,0,0
BRDA:840,106,1,0
BRDA:843,107,0,0
BRDA:843,107,1,0
BRDA:852,108,0,0
BRDA:852,108,1,2
BRDA:864,109,0,2
BRDA:864,109,1,0
BRDA:870,110,0,2
BRDA:870,110,1,0
BRDA:877,111,0,2
BRDA:877,111,1,0
BRDA:891,112,0,2
BRDA:891,112,1,1
BRDA:902,113,0,1
BRDA:902,113,1,1
BRDA:903,114,0,0
BRDA:903,114,1,1
BRDA:909,115,0,0
BRDA:909,115,1,0
BRDA:914,116,0,0
BRDA:914,116,1,0
BRDA:917,117,0,0
BRDA:917,117,1,0
BRDA:929,118,0,5
BRDA:929,118,1,0
BRDA:940,119,0,0
BRDA:940,119,1,2
BRDA:965,120,0,4
BRDA:965,120,1,1
BRDA:966,121,0,4
BRDA:966,121,1,0
BRDA:969,122,0,3
BRDA:969,122,1,1
BRDA:990,123,0,2
BRDA:990,123,1,0
BRDA:991,124,0,1
BRDA:991,124,1,1
BRF:248
BRH:154
end_of_record
TN:
SF:/Users/sophia/Downloads/Web3kinz-main/contracts/Web3kinzClothing.sol
FN:24,constructor
FN:30,safeMint
FN:46,tokenURI
FN:55,supportsInterface
FNF:4
FNH:4
FNDA:77,constructor
FNDA:22,safeMint
FNDA:8,tokenURI
FNDA:2,supportsInterface
DA:36,22
DA:37,22
DA:38,22
DA:40,22
DA:41,22
DA:52,8
DA:61,2
LF:7
LH:7
BRDA:30,1,0,22
BRDA:30,1,1,1
BRF:2
BRH:2
end_of_record
TN:
SF:/Users/sophia/Downloads/Web3kinz-main/contracts/Web3kinzFood.sol
FN:17,constructor
FN:21,mint
FN:25,burnFromAddress
FNF:3
FNH:3
FNDA:81,constructor
FNDA:23,mint
FNDA:4,burnFromAddress
DA:22,23
DA:26,4
LF:2
LH:2
BRDA:21,1,0,23
BRDA:21,1,1,1
BRDA:25,2,0,4
BRDA:25,2,1,1
BRF:4
BRH:4
end_of_record
TN:
SF:/Users/sophia/Downloads/Web3kinz-main/contracts/Web3KinzFurniture.sol
FN:20,constructor
FN:30,safeMint
FN:42,tokenURI
FN:51,supportsInterface
FNF:4
FNH:4
FNDA:13,constructor
FNDA:9,safeMint
FNDA:5,tokenURI
FNDA:2,supportsInterface
DA:34,9
DA:35,9
DA:36,9
DA:37,7
DA:48,5
DA:57,2
LF:6
LH:6
BRDA:30,1,0,9
BRDA:30,1,1,1
BRF:2
BRH:2
end_of_record
TN:
SF:/Users/sophia/Downloads/Web3kinz-main/contracts/Web3KinzPet.sol
FN:17,constructor
FN:21,safeMint
FNF:2
FNH:2
FNDA:73,constructor
FNDA:42,safeMint
DA:22,42
DA:23,42
DA:24,42
LF:3
LH:3
BRDA:21,1,0,42
BRDA:21,1,1,1
BRF:2
BRH:2
end_of_record
